{"C:\\tekup2\\webService\\service-web\\jest.config.global.js": {"path":"C:\\tekup2\\webService\\service-web\\jest.config.global.js","statementMap":{"0":{"start":{"line":6,"column":0},"end":{"line":6,"column":30}},"1":{"start":{"line":7,"column":0},"end":{"line":7,"column":60}},"2":{"start":{"line":8,"column":0},"end":{"line":8,"column":34}},"3":{"start":{"line":11,"column":0},"end":{"line":11,"column":34}},"4":{"start":{"line":12,"column":0},"end":{"line":12,"column":39}},"5":{"start":{"line":13,"column":0},"end":{"line":13,"column":42}},"6":{"start":{"line":14,"column":0},"end":{"line":14,"column":42}},"7":{"start":{"line":15,"column":0},"end":{"line":15,"column":43}},"8":{"start":{"line":16,"column":0},"end":{"line":16,"column":47}},"9":{"start":{"line":19,"column":0},"end":{"line":19,"column":34}},"10":{"start":{"line":20,"column":0},"end":{"line":20,"column":29}},"11":{"start":{"line":21,"column":0},"end":{"line":21,"column":29}},"12":{"start":{"line":22,"column":0},"end":{"line":22,"column":29}},"13":{"start":{"line":23,"column":0},"end":{"line":23,"column":43}},"14":{"start":{"line":26,"column":0},"end":{"line":26,"column":55}},"15":{"start":{"line":27,"column":0},"end":{"line":27,"column":58}},"16":{"start":{"line":28,"column":0},"end":{"line":28,"column":58}},"17":{"start":{"line":29,"column":0},"end":{"line":29,"column":59}},"18":{"start":{"line":30,"column":0},"end":{"line":30,"column":63}},"19":{"start":{"line":33,"column":0},"end":{"line":33,"column":35}},"20":{"start":{"line":35,"column":0},"end":{"line":41,"column":2}}},"fnMap":{},"branchMap":{},"s":{"0":0,"1":0,"2":0,"3":0,"4":0,"5":0,"6":0,"7":0,"8":0,"9":0,"10":0,"11":0,"12":0,"13":0,"14":0,"15":0,"16":0,"17":0,"18":0,"19":0,"20":0},"f":{},"b":{}}
,"C:\\tekup2\\webService\\service-web\\jest.config.js": {"path":"C:\\tekup2\\webService\\service-web\\jest.config.js","statementMap":{"0":{"start":{"line":1,"column":0},"end":{"line":19,"column":2}}},"fnMap":{},"branchMap":{},"s":{"0":0},"f":{},"b":{}}
,"C:\\tekup2\\webService\\service-web\\test-help.js": {"path":"C:\\tekup2\\webService\\service-web\\test-help.js","statementMap":{"0":{"start":{"line":8,"column":11},"end":{"line":8,"column":24}},"1":{"start":{"line":9,"column":13},"end":{"line":9,"column":28}},"2":{"start":{"line":11,"column":15},"end":{"line":20,"column":1}},"3":{"start":{"line":23,"column":2},"end":{"line":23,"column":116}},"4":{"start":{"line":24,"column":2},"end":{"line":24,"column":70}},"5":{"start":{"line":25,"column":2},"end":{"line":25,"column":116}},"6":{"start":{"line":29,"column":2},"end":{"line":29,"column":73}},"7":{"start":{"line":33,"column":2},"end":{"line":33,"column":57}},"8":{"start":{"line":34,"column":2},"end":{"line":34,"column":66}},"9":{"start":{"line":37,"column":0},"end":{"line":37,"column":59}},"10":{"start":{"line":39,"column":0},"end":{"line":39,"column":29}},"11":{"start":{"line":40,"column":0},"end":{"line":43,"column":2}},"12":{"start":{"line":45,"column":0},"end":{"line":45,"column":36}},"13":{"start":{"line":46,"column":0},"end":{"line":49,"column":2}},"14":{"start":{"line":51,"column":0},"end":{"line":54,"column":2}},"15":{"start":{"line":56,"column":0},"end":{"line":59,"column":2}},"16":{"start":{"line":61,"column":0},"end":{"line":64,"column":2}},"17":{"start":{"line":66,"column":0},"end":{"line":69,"column":2}},"18":{"start":{"line":71,"column":0},"end":{"line":74,"column":2}},"19":{"start":{"line":76,"column":0},"end":{"line":79,"column":2}},"20":{"start":{"line":81,"column":0},"end":{"line":81,"column":27}},"21":{"start":{"line":82,"column":0},"end":{"line":85,"column":2}},"22":{"start":{"line":87,"column":0},"end":{"line":87,"column":25}},"23":{"start":{"line":88,"column":0},"end":{"line":88,"column":70}},"24":{"start":{"line":89,"column":0},"end":{"line":89,"column":100}},"25":{"start":{"line":91,"column":0},"end":{"line":91,"column":36}},"26":{"start":{"line":92,"column":0},"end":{"line":92,"column":70}},"27":{"start":{"line":93,"column":0},"end":{"line":93,"column":81}},"28":{"start":{"line":94,"column":0},"end":{"line":94,"column":85}},"29":{"start":{"line":95,"column":0},"end":{"line":95,"column":89}},"30":{"start":{"line":96,"column":0},"end":{"line":96,"column":88}},"31":{"start":{"line":98,"column":0},"end":{"line":98,"column":42}},"32":{"start":{"line":99,"column":0},"end":{"line":99,"column":57}},"33":{"start":{"line":100,"column":0},"end":{"line":100,"column":82}},"34":{"start":{"line":102,"column":0},"end":{"line":102,"column":44}},"35":{"start":{"line":103,"column":0},"end":{"line":103,"column":64}},"36":{"start":{"line":104,"column":0},"end":{"line":104,"column":38}},"37":{"start":{"line":105,"column":0},"end":{"line":105,"column":39}},"38":{"start":{"line":106,"column":0},"end":{"line":106,"column":35}},"39":{"start":{"line":107,"column":0},"end":{"line":107,"column":42}},"40":{"start":{"line":109,"column":0},"end":{"line":109,"column":26}},"41":{"start":{"line":110,"column":0},"end":{"line":110,"column":77}},"42":{"start":{"line":111,"column":0},"end":{"line":111,"column":107}},"43":{"start":{"line":113,"column":0},"end":{"line":113,"column":66}},"44":{"start":{"line":114,"column":0},"end":{"line":114,"column":92}},"45":{"start":{"line":116,"column":0},"end":{"line":116,"column":63}},"46":{"start":{"line":117,"column":0},"end":{"line":117,"column":104}},"47":{"start":{"line":119,"column":0},"end":{"line":119,"column":63}}},"fnMap":{"0":{"name":"printHeader","decl":{"start":{"line":22,"column":9},"end":{"line":22,"column":20}},"loc":{"start":{"line":22,"column":27},"end":{"line":26,"column":1}},"line":22},"1":{"name":"printSection","decl":{"start":{"line":28,"column":9},"end":{"line":28,"column":21}},"loc":{"start":{"line":28,"column":29},"end":{"line":30,"column":1}},"line":28},"2":{"name":"printCommand","decl":{"start":{"line":32,"column":9},"end":{"line":32,"column":21}},"loc":{"start":{"line":32,"column":40},"end":{"line":35,"column":1}},"line":32}},"branchMap":{},"s":{"0":0,"1":0,"2":0,"3":0,"4":0,"5":0,"6":0,"7":0,"8":0,"9":0,"10":0,"11":0,"12":0,"13":0,"14":0,"15":0,"16":0,"17":0,"18":0,"19":0,"20":0,"21":0,"22":0,"23":0,"24":0,"25":0,"26":0,"27":0,"28":0,"29":0,"30":0,"31":0,"32":0,"33":0,"34":0,"35":0,"36":0,"37":0,"38":0,"39":0,"40":0,"41":0,"42":0,"43":0,"44":0,"45":0,"46":0,"47":0},"f":{"0":0,"1":0,"2":0},"b":{}}
,"C:\\tekup2\\webService\\service-web\\gateway\\index.js": {"path":"C:\\tekup2\\webService\\service-web\\gateway\\index.js","statementMap":{"0":{"start":{"line":1,"column":16},"end":{"line":1,"column":34}},"1":{"start":{"line":2,"column":13},"end":{"line":2,"column":28}},"2":{"start":{"line":3,"column":25},"end":{"line":3,"column":50}},"3":{"start":{"line":4,"column":30},"end":{"line":4,"column":64}},"4":{"start":{"line":5,"column":12},"end":{"line":5,"column":35}},"5":{"start":{"line":6,"column":17},"end":{"line":6,"column":38}},"6":{"start":{"line":7,"column":18},"end":{"line":7,"column":40}},"7":{"start":{"line":8,"column":0},"end":{"line":8,"column":27}},"8":{"start":{"line":10,"column":13},"end":{"line":10,"column":45}},"9":{"start":{"line":11,"column":19},"end":{"line":11,"column":62}},"10":{"start":{"line":14,"column":14},"end":{"line":14,"column":23}},"11":{"start":{"line":15,"column":2},"end":{"line":15,"column":18}},"12":{"start":{"line":16,"column":2},"end":{"line":16,"column":26}},"13":{"start":{"line":19,"column":17},"end":{"line":31,"column":4}},"14":{"start":{"line":23,"column":6},"end":{"line":23,"column":62}},"15":{"start":{"line":24,"column":6},"end":{"line":28,"column":8}},"16":{"start":{"line":33,"column":2},"end":{"line":33,"column":23}},"17":{"start":{"line":36,"column":2},"end":{"line":56,"column":4}},"18":{"start":{"line":40,"column":27},"end":{"line":40,"column":58}},"19":{"start":{"line":41,"column":20},"end":{"line":41,"column":24}},"20":{"start":{"line":42,"column":19},"end":{"line":42,"column":23}},"21":{"start":{"line":44,"column":8},"end":{"line":51,"column":9}},"22":{"start":{"line":45,"column":10},"end":{"line":45,"column":43}},"23":{"start":{"line":46,"column":10},"end":{"line":50,"column":11}},"24":{"start":{"line":47,"column":12},"end":{"line":47,"column":49}},"25":{"start":{"line":53,"column":8},"end":{"line":53,"column":31}},"26":{"start":{"line":59,"column":2},"end":{"line":65,"column":5}},"27":{"start":{"line":60,"column":4},"end":{"line":64,"column":7}},"28":{"start":{"line":68,"column":2},"end":{"line":81,"column":5}},"29":{"start":{"line":69,"column":4},"end":{"line":80,"column":7}},"30":{"start":{"line":83,"column":2},"end":{"line":99,"column":5}},"31":{"start":{"line":84,"column":4},"end":{"line":98,"column":7}},"32":{"start":{"line":102,"column":0},"end":{"line":102,"column":35}},"33":{"start":{"line":103,"column":0},"end":{"line":105,"column":2}}},"fnMap":{"0":{"name":"startServer","decl":{"start":{"line":13,"column":15},"end":{"line":13,"column":26}},"loc":{"start":{"line":13,"column":29},"end":{"line":100,"column":1}},"line":13},"1":{"name":"(anonymous_1)","decl":{"start":{"line":22,"column":17},"end":{"line":22,"column":18}},"loc":{"start":{"line":22,"column":44},"end":{"line":29,"column":5}},"line":22},"2":{"name":"(anonymous_2)","decl":{"start":{"line":39,"column":15},"end":{"line":39,"column":16}},"loc":{"start":{"line":39,"column":34},"end":{"line":54,"column":7}},"line":39},"3":{"name":"(anonymous_3)","decl":{"start":{"line":59,"column":21},"end":{"line":59,"column":22}},"loc":{"start":{"line":59,"column":35},"end":{"line":65,"column":3}},"line":59},"4":{"name":"(anonymous_4)","decl":{"start":{"line":68,"column":15},"end":{"line":68,"column":16}},"loc":{"start":{"line":68,"column":29},"end":{"line":81,"column":3}},"line":68},"5":{"name":"(anonymous_5)","decl":{"start":{"line":83,"column":19},"end":{"line":83,"column":20}},"loc":{"start":{"line":83,"column":25},"end":{"line":99,"column":3}},"line":83}},"branchMap":{"0":{"loc":{"start":{"line":10,"column":13},"end":{"line":10,"column":45}},"type":"binary-expr","locations":[{"start":{"line":10,"column":13},"end":{"line":10,"column":37}},{"start":{"line":10,"column":41},"end":{"line":10,"column":45}}],"line":10},"1":{"loc":{"start":{"line":11,"column":19},"end":{"line":11,"column":62}},"type":"binary-expr","locations":[{"start":{"line":11,"column":19},"end":{"line":11,"column":41}},{"start":{"line":11,"column":45},"end":{"line":11,"column":62}}],"line":11},"2":{"loc":{"start":{"line":26,"column":14},"end":{"line":26,"column":65}},"type":"binary-expr","locations":[{"start":{"line":26,"column":14},"end":{"line":26,"column":45}},{"start":{"line":26,"column":49},"end":{"line":26,"column":65}}],"line":26},"3":{"loc":{"start":{"line":40,"column":27},"end":{"line":40,"column":58}},"type":"binary-expr","locations":[{"start":{"line":40,"column":27},"end":{"line":40,"column":52}},{"start":{"line":40,"column":56},"end":{"line":40,"column":58}}],"line":40},"4":{"loc":{"start":{"line":44,"column":8},"end":{"line":51,"column":9}},"type":"if","locations":[{"start":{"line":44,"column":8},"end":{"line":51,"column":9}},{"start":{},"end":{}}],"line":44},"5":{"loc":{"start":{"line":74,"column":14},"end":{"line":74,"column":69}},"type":"binary-expr","locations":[{"start":{"line":74,"column":14},"end":{"line":74,"column":42}},{"start":{"line":74,"column":46},"end":{"line":74,"column":69}}],"line":74},"6":{"loc":{"start":{"line":75,"column":18},"end":{"line":75,"column":76}},"type":"binary-expr","locations":[{"start":{"line":75,"column":18},"end":{"line":75,"column":49}},{"start":{"line":75,"column":53},"end":{"line":75,"column":76}}],"line":75},"7":{"loc":{"start":{"line":76,"column":17},"end":{"line":76,"column":75}},"type":"binary-expr","locations":[{"start":{"line":76,"column":17},"end":{"line":76,"column":48}},{"start":{"line":76,"column":52},"end":{"line":76,"column":75}}],"line":76},"8":{"loc":{"start":{"line":77,"column":19},"end":{"line":77,"column":78}},"type":"binary-expr","locations":[{"start":{"line":77,"column":19},"end":{"line":77,"column":51}},{"start":{"line":77,"column":55},"end":{"line":77,"column":78}}],"line":77},"9":{"loc":{"start":{"line":78,"column":23},"end":{"line":78,"column":86}},"type":"binary-expr","locations":[{"start":{"line":78,"column":23},"end":{"line":78,"column":59}},{"start":{"line":78,"column":63},"end":{"line":78,"column":86}}],"line":78}},"s":{"0":0,"1":0,"2":0,"3":0,"4":0,"5":0,"6":0,"7":0,"8":0,"9":0,"10":0,"11":0,"12":0,"13":0,"14":0,"15":0,"16":0,"17":0,"18":0,"19":0,"20":0,"21":0,"22":0,"23":0,"24":0,"25":0,"26":0,"27":0,"28":0,"29":0,"30":0,"31":0,"32":0,"33":0},"f":{"0":0,"1":0,"2":0,"3":0,"4":0,"5":0},"b":{"0":[0,0],"1":[0,0],"2":[0,0],"3":[0,0],"4":[0,0],"5":[0,0],"6":[0,0],"7":[0,0],"8":[0,0],"9":[0,0]}}
,"C:\\tekup2\\webService\\service-web\\gateway\\jest.config.js": {"path":"C:\\tekup2\\webService\\service-web\\gateway\\jest.config.js","statementMap":{"0":{"start":{"line":1,"column":0},"end":{"line":20,"column":2}}},"fnMap":{},"branchMap":{},"s":{"0":0},"f":{},"b":{}}
,"C:\\tekup2\\webService\\service-web\\gateway\\resolvers.js": {"path":"C:\\tekup2\\webService\\service-web\\gateway\\resolvers.js","statementMap":{"0":{"start":{"line":1,"column":14},"end":{"line":1,"column":30}},"1":{"start":{"line":2,"column":0},"end":{"line":2,"column":27}},"2":{"start":{"line":4,"column":17},"end":{"line":4,"column":72}},"3":{"start":{"line":5,"column":20},"end":{"line":5,"column":78}},"4":{"start":{"line":6,"column":20},"end":{"line":6,"column":78}},"5":{"start":{"line":7,"column":21},"end":{"line":7,"column":80}},"6":{"start":{"line":8,"column":25},"end":{"line":8,"column":88}},"7":{"start":{"line":12,"column":2},"end":{"line":20,"column":3}},"8":{"start":{"line":13,"column":20},"end":{"line":13,"column":69}},"9":{"start":{"line":14,"column":21},"end":{"line":14,"column":80}},"10":{"start":{"line":15,"column":4},"end":{"line":15,"column":25}},"11":{"start":{"line":17,"column":16},"end":{"line":17,"column":87}},"12":{"start":{"line":18,"column":19},"end":{"line":18,"column":39}},"13":{"start":{"line":19,"column":4},"end":{"line":19,"column":51}},"14":{"start":{"line":23,"column":12},"end":{"line":23,"column":55}},"15":{"start":{"line":23,"column":28},"end":{"line":23,"column":55}},"16":{"start":{"line":24,"column":13},"end":{"line":24,"column":69}},"17":{"start":{"line":24,"column":35},"end":{"line":24,"column":69}},"18":{"start":{"line":25,"column":12},"end":{"line":25,"column":67}},"19":{"start":{"line":25,"column":34},"end":{"line":25,"column":67}},"20":{"start":{"line":26,"column":14},"end":{"line":26,"column":71}},"21":{"start":{"line":26,"column":36},"end":{"line":26,"column":71}},"22":{"start":{"line":27,"column":12},"end":{"line":27,"column":58}},"23":{"start":{"line":27,"column":28},"end":{"line":27,"column":58}},"24":{"start":{"line":31,"column":2},"end":{"line":31,"column":98}},"25":{"start":{"line":31,"column":22},"end":{"line":31,"column":98}},"26":{"start":{"line":32,"column":2},"end":{"line":32,"column":23}},"27":{"start":{"line":36,"column":18},"end":{"line":304,"column":1}},"28":{"start":{"line":40,"column":23},"end":{"line":46,"column":8}},"29":{"start":{"line":48,"column":6},"end":{"line":56,"column":8}},"30":{"start":{"line":51,"column":24},"end":{"line":51,"column":85}},"31":{"start":{"line":52,"column":10},"end":{"line":54,"column":89}},"32":{"start":{"line":61,"column":20},"end":{"line":61,"column":36}},"33":{"start":{"line":62,"column":19},"end":{"line":62,"column":58}},"34":{"start":{"line":63,"column":6},"end":{"line":63,"column":23}},"35":{"start":{"line":67,"column":20},"end":{"line":67,"column":36}},"36":{"start":{"line":68,"column":19},"end":{"line":68,"column":61}},"37":{"start":{"line":69,"column":6},"end":{"line":69,"column":24}},"38":{"start":{"line":74,"column":20},"end":{"line":74,"column":36}},"39":{"start":{"line":75,"column":21},"end":{"line":75,"column":42}},"40":{"start":{"line":76,"column":6},"end":{"line":76,"column":54}},"41":{"start":{"line":76,"column":21},"end":{"line":76,"column":54}},"42":{"start":{"line":77,"column":6},"end":{"line":77,"column":83}},"43":{"start":{"line":77,"column":40},"end":{"line":77,"column":83}},"44":{"start":{"line":78,"column":6},"end":{"line":78,"column":54}},"45":{"start":{"line":78,"column":21},"end":{"line":78,"column":54}},"46":{"start":{"line":79,"column":6},"end":{"line":79,"column":57}},"47":{"start":{"line":79,"column":22},"end":{"line":79,"column":57}},"48":{"start":{"line":80,"column":19},"end":{"line":80,"column":72}},"49":{"start":{"line":81,"column":6},"end":{"line":81,"column":18}},"50":{"start":{"line":85,"column":20},"end":{"line":85,"column":36}},"51":{"start":{"line":86,"column":6},"end":{"line":86,"column":63}},"52":{"start":{"line":90,"column":20},"end":{"line":90,"column":36}},"53":{"start":{"line":91,"column":21},"end":{"line":91,"column":42}},"54":{"start":{"line":92,"column":6},"end":{"line":92,"column":47}},"55":{"start":{"line":92,"column":17},"end":{"line":92,"column":47}},"56":{"start":{"line":93,"column":6},"end":{"line":93,"column":44}},"57":{"start":{"line":93,"column":16},"end":{"line":93,"column":44}},"58":{"start":{"line":94,"column":6},"end":{"line":94,"column":38}},"59":{"start":{"line":94,"column":14},"end":{"line":94,"column":38}},"60":{"start":{"line":95,"column":6},"end":{"line":95,"column":83}},"61":{"start":{"line":100,"column":20},"end":{"line":100,"column":36}},"62":{"start":{"line":101,"column":19},"end":{"line":101,"column":67}},"63":{"start":{"line":102,"column":6},"end":{"line":102,"column":24}},"64":{"start":{"line":106,"column":20},"end":{"line":106,"column":36}},"65":{"start":{"line":107,"column":6},"end":{"line":107,"column":68}},"66":{"start":{"line":111,"column":20},"end":{"line":111,"column":36}},"67":{"start":{"line":112,"column":6},"end":{"line":112,"column":66}},"68":{"start":{"line":116,"column":20},"end":{"line":116,"column":36}},"69":{"start":{"line":117,"column":19},"end":{"line":117,"column":67}},"70":{"start":{"line":118,"column":6},"end":{"line":118,"column":24}},"71":{"start":{"line":122,"column":20},"end":{"line":122,"column":36}},"72":{"start":{"line":123,"column":21},"end":{"line":123,"column":51}},"73":{"start":{"line":124,"column":19},"end":{"line":124,"column":99}},"74":{"start":{"line":125,"column":6},"end":{"line":125,"column":31}},"75":{"start":{"line":130,"column":20},"end":{"line":130,"column":36}},"76":{"start":{"line":131,"column":21},"end":{"line":131,"column":42}},"77":{"start":{"line":132,"column":6},"end":{"line":132,"column":54}},"78":{"start":{"line":132,"column":21},"end":{"line":132,"column":54}},"79":{"start":{"line":133,"column":6},"end":{"line":133,"column":60}},"80":{"start":{"line":133,"column":23},"end":{"line":133,"column":60}},"81":{"start":{"line":134,"column":6},"end":{"line":134,"column":66}},"82":{"start":{"line":134,"column":25},"end":{"line":134,"column":66}},"83":{"start":{"line":135,"column":6},"end":{"line":135,"column":61}},"84":{"start":{"line":135,"column":23},"end":{"line":135,"column":61}},"85":{"start":{"line":136,"column":6},"end":{"line":136,"column":54}},"86":{"start":{"line":136,"column":21},"end":{"line":136,"column":54}},"87":{"start":{"line":137,"column":6},"end":{"line":137,"column":57}},"88":{"start":{"line":137,"column":22},"end":{"line":137,"column":57}},"89":{"start":{"line":138,"column":6},"end":{"line":138,"column":69}},"90":{"start":{"line":142,"column":20},"end":{"line":142,"column":36}},"91":{"start":{"line":143,"column":6},"end":{"line":143,"column":65}},"92":{"start":{"line":147,"column":20},"end":{"line":147,"column":36}},"93":{"start":{"line":148,"column":19},"end":{"line":148,"column":78}},"94":{"start":{"line":149,"column":6},"end":{"line":149,"column":24}},"95":{"start":{"line":154,"column":20},"end":{"line":154,"column":36}},"96":{"start":{"line":155,"column":21},"end":{"line":155,"column":42}},"97":{"start":{"line":156,"column":6},"end":{"line":156,"column":77}},"98":{"start":{"line":156,"column":38},"end":{"line":156,"column":77}},"99":{"start":{"line":157,"column":6},"end":{"line":157,"column":54}},"100":{"start":{"line":157,"column":21},"end":{"line":157,"column":54}},"101":{"start":{"line":158,"column":6},"end":{"line":158,"column":54}},"102":{"start":{"line":158,"column":21},"end":{"line":158,"column":54}},"103":{"start":{"line":159,"column":6},"end":{"line":159,"column":57}},"104":{"start":{"line":159,"column":22},"end":{"line":159,"column":57}},"105":{"start":{"line":160,"column":6},"end":{"line":160,"column":77}},"106":{"start":{"line":164,"column":20},"end":{"line":164,"column":36}},"107":{"start":{"line":165,"column":19},"end":{"line":165,"column":78}},"108":{"start":{"line":166,"column":6},"end":{"line":166,"column":31}},"109":{"start":{"line":173,"column":19},"end":{"line":173,"column":64}},"110":{"start":{"line":174,"column":6},"end":{"line":174,"column":75}},"111":{"start":{"line":178,"column":19},"end":{"line":178,"column":61}},"112":{"start":{"line":179,"column":6},"end":{"line":179,"column":75}},"113":{"start":{"line":183,"column":20},"end":{"line":183,"column":36}},"114":{"start":{"line":184,"column":19},"end":{"line":184,"column":86}},"115":{"start":{"line":185,"column":6},"end":{"line":185,"column":54}},"116":{"start":{"line":189,"column":20},"end":{"line":189,"column":36}},"117":{"start":{"line":190,"column":19},"end":{"line":190,"column":71}},"118":{"start":{"line":191,"column":6},"end":{"line":191,"column":54}},"119":{"start":{"line":196,"column":20},"end":{"line":196,"column":36}},"120":{"start":{"line":197,"column":19},"end":{"line":197,"column":69}},"121":{"start":{"line":198,"column":6},"end":{"line":198,"column":26}},"122":{"start":{"line":202,"column":20},"end":{"line":202,"column":36}},"123":{"start":{"line":203,"column":19},"end":{"line":203,"column":74}},"124":{"start":{"line":204,"column":6},"end":{"line":204,"column":26}},"125":{"start":{"line":208,"column":20},"end":{"line":208,"column":36}},"126":{"start":{"line":209,"column":19},"end":{"line":209,"column":68}},"127":{"start":{"line":210,"column":6},"end":{"line":210,"column":54}},"128":{"start":{"line":214,"column":20},"end":{"line":214,"column":36}},"129":{"start":{"line":215,"column":19},"end":{"line":215,"column":95}},"130":{"start":{"line":216,"column":6},"end":{"line":216,"column":27}},"131":{"start":{"line":220,"column":20},"end":{"line":220,"column":36}},"132":{"start":{"line":221,"column":19},"end":{"line":221,"column":89}},"133":{"start":{"line":222,"column":6},"end":{"line":222,"column":161}},"134":{"start":{"line":222,"column":79},"end":{"line":222,"column":156}},"135":{"start":{"line":227,"column":20},"end":{"line":227,"column":36}},"136":{"start":{"line":228,"column":19},"end":{"line":228,"column":74}},"137":{"start":{"line":229,"column":6},"end":{"line":229,"column":23}},"138":{"start":{"line":233,"column":20},"end":{"line":233,"column":36}},"139":{"start":{"line":234,"column":19},"end":{"line":234,"column":79}},"140":{"start":{"line":235,"column":6},"end":{"line":235,"column":23}},"141":{"start":{"line":239,"column":20},"end":{"line":239,"column":36}},"142":{"start":{"line":240,"column":19},"end":{"line":240,"column":92}},"143":{"start":{"line":241,"column":6},"end":{"line":241,"column":30}},"144":{"start":{"line":245,"column":20},"end":{"line":245,"column":36}},"145":{"start":{"line":246,"column":19},"end":{"line":246,"column":91}},"146":{"start":{"line":247,"column":6},"end":{"line":247,"column":29}},"147":{"start":{"line":252,"column":20},"end":{"line":252,"column":36}},"148":{"start":{"line":253,"column":22},"end":{"line":253,"column":33}},"149":{"start":{"line":254,"column":6},"end":{"line":254,"column":43}},"150":{"start":{"line":254,"column":18},"end":{"line":254,"column":43}},"151":{"start":{"line":255,"column":19},"end":{"line":255,"column":74}},"152":{"start":{"line":256,"column":6},"end":{"line":256,"column":27}},"153":{"start":{"line":260,"column":20},"end":{"line":260,"column":36}},"154":{"start":{"line":261,"column":19},"end":{"line":261,"column":98}},"155":{"start":{"line":262,"column":6},"end":{"line":262,"column":27}},"156":{"start":{"line":266,"column":20},"end":{"line":266,"column":36}},"157":{"start":{"line":267,"column":22},"end":{"line":267,"column":33}},"158":{"start":{"line":268,"column":6},"end":{"line":268,"column":43}},"159":{"start":{"line":268,"column":18},"end":{"line":268,"column":43}},"160":{"start":{"line":269,"column":6},"end":{"line":269,"column":55}},"161":{"start":{"line":269,"column":22},"end":{"line":269,"column":55}},"162":{"start":{"line":270,"column":19},"end":{"line":270,"column":79}},"163":{"start":{"line":271,"column":6},"end":{"line":271,"column":27}},"164":{"start":{"line":276,"column":20},"end":{"line":276,"column":36}},"165":{"start":{"line":277,"column":22},"end":{"line":277,"column":33}},"166":{"start":{"line":278,"column":6},"end":{"line":278,"column":58}},"167":{"start":{"line":278,"column":23},"end":{"line":278,"column":58}},"168":{"start":{"line":279,"column":6},"end":{"line":279,"column":64}},"169":{"start":{"line":279,"column":25},"end":{"line":279,"column":64}},"170":{"start":{"line":280,"column":6},"end":{"line":280,"column":64}},"171":{"start":{"line":280,"column":25},"end":{"line":280,"column":64}},"172":{"start":{"line":281,"column":6},"end":{"line":281,"column":58}},"173":{"start":{"line":281,"column":23},"end":{"line":281,"column":58}},"174":{"start":{"line":282,"column":19},"end":{"line":282,"column":82}},"175":{"start":{"line":283,"column":6},"end":{"line":283,"column":31}},"176":{"start":{"line":287,"column":20},"end":{"line":287,"column":36}},"177":{"start":{"line":288,"column":19},"end":{"line":288,"column":89}},"178":{"start":{"line":289,"column":6},"end":{"line":289,"column":31}},"179":{"start":{"line":293,"column":20},"end":{"line":293,"column":36}},"180":{"start":{"line":294,"column":19},"end":{"line":294,"column":92}},"181":{"start":{"line":295,"column":6},"end":{"line":295,"column":54}},"182":{"start":{"line":299,"column":20},"end":{"line":299,"column":36}},"183":{"start":{"line":300,"column":19},"end":{"line":300,"column":78}},"184":{"start":{"line":301,"column":6},"end":{"line":301,"column":54}},"185":{"start":{"line":306,"column":0},"end":{"line":306,"column":27}}},"fnMap":{"0":{"name":"http","decl":{"start":{"line":11,"column":15},"end":{"line":11,"column":19}},"loc":{"start":{"line":11,"column":55},"end":{"line":21,"column":1}},"line":11},"1":{"name":"(anonymous_1)","decl":{"start":{"line":23,"column":12},"end":{"line":23,"column":13}},"loc":{"start":{"line":23,"column":28},"end":{"line":23,"column":55}},"line":23},"2":{"name":"(anonymous_2)","decl":{"start":{"line":24,"column":13},"end":{"line":24,"column":14}},"loc":{"start":{"line":24,"column":35},"end":{"line":24,"column":69}},"line":24},"3":{"name":"(anonymous_3)","decl":{"start":{"line":25,"column":12},"end":{"line":25,"column":13}},"loc":{"start":{"line":25,"column":34},"end":{"line":25,"column":67}},"line":25},"4":{"name":"(anonymous_4)","decl":{"start":{"line":26,"column":14},"end":{"line":26,"column":15}},"loc":{"start":{"line":26,"column":36},"end":{"line":26,"column":71}},"line":26},"5":{"name":"(anonymous_5)","decl":{"start":{"line":27,"column":12},"end":{"line":27,"column":13}},"loc":{"start":{"line":27,"column":28},"end":{"line":27,"column":58}},"line":27},"6":{"name":"requireAuth","decl":{"start":{"line":30,"column":9},"end":{"line":30,"column":20}},"loc":{"start":{"line":30,"column":30},"end":{"line":33,"column":1}},"line":30},"7":{"name":"(anonymous_7)","decl":{"start":{"line":39,"column":12},"end":{"line":39,"column":13}},"loc":{"start":{"line":39,"column":24},"end":{"line":57,"column":5}},"line":39},"8":{"name":"(anonymous_8)","decl":{"start":{"line":50,"column":31},"end":{"line":50,"column":32}},"loc":{"start":{"line":50,"column":41},"end":{"line":55,"column":9}},"line":50},"9":{"name":"(anonymous_9)","decl":{"start":{"line":60,"column":8},"end":{"line":60,"column":9}},"loc":{"start":{"line":60,"column":30},"end":{"line":64,"column":5}},"line":60},"10":{"name":"(anonymous_10)","decl":{"start":{"line":66,"column":15},"end":{"line":66,"column":16}},"loc":{"start":{"line":66,"column":37},"end":{"line":70,"column":5}},"line":66},"11":{"name":"(anonymous_11)","decl":{"start":{"line":73,"column":14},"end":{"line":73,"column":15}},"loc":{"start":{"line":73,"column":38},"end":{"line":82,"column":5}},"line":73},"12":{"name":"(anonymous_12)","decl":{"start":{"line":84,"column":13},"end":{"line":84,"column":14}},"loc":{"start":{"line":84,"column":39},"end":{"line":87,"column":5}},"line":84},"13":{"name":"(anonymous_13)","decl":{"start":{"line":89,"column":22},"end":{"line":89,"column":23}},"loc":{"start":{"line":89,"column":65},"end":{"line":96,"column":5}},"line":89},"14":{"name":"(anonymous_14)","decl":{"start":{"line":99,"column":18},"end":{"line":99,"column":19}},"loc":{"start":{"line":99,"column":40},"end":{"line":103,"column":5}},"line":99},"15":{"name":"(anonymous_15)","decl":{"start":{"line":105,"column":17},"end":{"line":105,"column":18}},"loc":{"start":{"line":105,"column":43},"end":{"line":108,"column":5}},"line":105},"16":{"name":"(anonymous_16)","decl":{"start":{"line":110,"column":20},"end":{"line":110,"column":21}},"loc":{"start":{"line":110,"column":42},"end":{"line":113,"column":5}},"line":110},"17":{"name":"(anonymous_17)","decl":{"start":{"line":115,"column":18},"end":{"line":115,"column":19}},"loc":{"start":{"line":115,"column":40},"end":{"line":119,"column":5}},"line":115},"18":{"name":"(anonymous_18)","decl":{"start":{"line":121,"column":22},"end":{"line":121,"column":23}},"loc":{"start":{"line":121,"column":59},"end":{"line":126,"column":5}},"line":121},"19":{"name":"(anonymous_19)","decl":{"start":{"line":129,"column":15},"end":{"line":129,"column":16}},"loc":{"start":{"line":129,"column":39},"end":{"line":139,"column":5}},"line":129},"20":{"name":"(anonymous_20)","decl":{"start":{"line":141,"column":14},"end":{"line":141,"column":15}},"loc":{"start":{"line":141,"column":40},"end":{"line":144,"column":5}},"line":141},"21":{"name":"(anonymous_21)","decl":{"start":{"line":146,"column":19},"end":{"line":146,"column":20}},"loc":{"start":{"line":146,"column":41},"end":{"line":150,"column":5}},"line":146},"22":{"name":"(anonymous_22)","decl":{"start":{"line":153,"column":19},"end":{"line":153,"column":20}},"loc":{"start":{"line":153,"column":43},"end":{"line":161,"column":5}},"line":153},"23":{"name":"(anonymous_23)","decl":{"start":{"line":163,"column":18},"end":{"line":163,"column":19}},"loc":{"start":{"line":163,"column":44},"end":{"line":167,"column":5}},"line":163},"24":{"name":"(anonymous_24)","decl":{"start":{"line":172,"column":14},"end":{"line":172,"column":15}},"loc":{"start":{"line":172,"column":33},"end":{"line":175,"column":5}},"line":172},"25":{"name":"(anonymous_25)","decl":{"start":{"line":177,"column":11},"end":{"line":177,"column":12}},"loc":{"start":{"line":177,"column":30},"end":{"line":180,"column":5}},"line":177},"26":{"name":"(anonymous_26)","decl":{"start":{"line":182,"column":20},"end":{"line":182,"column":21}},"loc":{"start":{"line":182,"column":56},"end":{"line":186,"column":5}},"line":182},"27":{"name":"(anonymous_27)","decl":{"start":{"line":188,"column":20},"end":{"line":188,"column":21}},"loc":{"start":{"line":188,"column":50},"end":{"line":192,"column":5}},"line":188},"28":{"name":"(anonymous_28)","decl":{"start":{"line":195,"column":16},"end":{"line":195,"column":17}},"loc":{"start":{"line":195,"column":40},"end":{"line":199,"column":5}},"line":195},"29":{"name":"(anonymous_29)","decl":{"start":{"line":201,"column":19},"end":{"line":201,"column":20}},"loc":{"start":{"line":201,"column":54},"end":{"line":205,"column":5}},"line":201},"30":{"name":"(anonymous_30)","decl":{"start":{"line":207,"column":19},"end":{"line":207,"column":20}},"loc":{"start":{"line":207,"column":45},"end":{"line":211,"column":5}},"line":207},"31":{"name":"(anonymous_31)","decl":{"start":{"line":213,"column":20},"end":{"line":213,"column":21}},"loc":{"start":{"line":213,"column":65},"end":{"line":217,"column":5}},"line":213},"32":{"name":"(anonymous_32)","decl":{"start":{"line":219,"column":29},"end":{"line":219,"column":30}},"loc":{"start":{"line":219,"column":62},"end":{"line":223,"column":5}},"line":219},"33":{"name":"(anonymous_33)","decl":{"start":{"line":222,"column":68},"end":{"line":222,"column":69}},"loc":{"start":{"line":222,"column":79},"end":{"line":222,"column":156}},"line":222},"34":{"name":"(anonymous_34)","decl":{"start":{"line":226,"column":23},"end":{"line":226,"column":24}},"loc":{"start":{"line":226,"column":47},"end":{"line":230,"column":5}},"line":226},"35":{"name":"(anonymous_35)","decl":{"start":{"line":232,"column":23},"end":{"line":232,"column":24}},"loc":{"start":{"line":232,"column":58},"end":{"line":236,"column":5}},"line":232},"36":{"name":"(anonymous_36)","decl":{"start":{"line":238,"column":20},"end":{"line":238,"column":21}},"loc":{"start":{"line":238,"column":59},"end":{"line":242,"column":5}},"line":238},"37":{"name":"(anonymous_37)","decl":{"start":{"line":244,"column":21},"end":{"line":244,"column":22}},"loc":{"start":{"line":244,"column":51},"end":{"line":248,"column":5}},"line":244},"38":{"name":"(anonymous_38)","decl":{"start":{"line":251,"column":21},"end":{"line":251,"column":22}},"loc":{"start":{"line":251,"column":60},"end":{"line":257,"column":5}},"line":251},"39":{"name":"(anonymous_39)","decl":{"start":{"line":259,"column":26},"end":{"line":259,"column":27}},"loc":{"start":{"line":259,"column":69},"end":{"line":263,"column":5}},"line":259},"40":{"name":"(anonymous_40)","decl":{"start":{"line":265,"column":20},"end":{"line":265,"column":21}},"loc":{"start":{"line":265,"column":75},"end":{"line":272,"column":5}},"line":265},"41":{"name":"(anonymous_41)","decl":{"start":{"line":275,"column":22},"end":{"line":275,"column":23}},"loc":{"start":{"line":275,"column":109},"end":{"line":284,"column":5}},"line":275},"42":{"name":"(anonymous_42)","decl":{"start":{"line":286,"column":26},"end":{"line":286,"column":27}},"loc":{"start":{"line":286,"column":52},"end":{"line":290,"column":5}},"line":286},"43":{"name":"(anonymous_43)","decl":{"start":{"line":292,"column":30},"end":{"line":292,"column":31}},"loc":{"start":{"line":292,"column":52},"end":{"line":296,"column":5}},"line":292},"44":{"name":"(anonymous_44)","decl":{"start":{"line":298,"column":24},"end":{"line":298,"column":25}},"loc":{"start":{"line":298,"column":50},"end":{"line":302,"column":5}},"line":298}},"branchMap":{"0":{"loc":{"start":{"line":4,"column":17},"end":{"line":4,"column":72}},"type":"binary-expr","locations":[{"start":{"line":4,"column":17},"end":{"line":4,"column":45}},{"start":{"line":4,"column":49},"end":{"line":4,"column":72}}],"line":4},"1":{"loc":{"start":{"line":5,"column":20},"end":{"line":5,"column":78}},"type":"binary-expr","locations":[{"start":{"line":5,"column":20},"end":{"line":5,"column":51}},{"start":{"line":5,"column":55},"end":{"line":5,"column":78}}],"line":5},"2":{"loc":{"start":{"line":6,"column":20},"end":{"line":6,"column":78}},"type":"binary-expr","locations":[{"start":{"line":6,"column":20},"end":{"line":6,"column":51}},{"start":{"line":6,"column":55},"end":{"line":6,"column":78}}],"line":6},"3":{"loc":{"start":{"line":7,"column":21},"end":{"line":7,"column":80}},"type":"binary-expr","locations":[{"start":{"line":7,"column":21},"end":{"line":7,"column":53}},{"start":{"line":7,"column":57},"end":{"line":7,"column":80}}],"line":7},"4":{"loc":{"start":{"line":8,"column":25},"end":{"line":8,"column":88}},"type":"binary-expr","locations":[{"start":{"line":8,"column":25},"end":{"line":8,"column":61}},{"start":{"line":8,"column":65},"end":{"line":8,"column":88}}],"line":8},"5":{"loc":{"start":{"line":11,"column":33},"end":{"line":11,"column":53}},"type":"default-arg","locations":[{"start":{"line":11,"column":51},"end":{"line":11,"column":53}}],"line":11},"6":{"loc":{"start":{"line":13,"column":20},"end":{"line":13,"column":69}},"type":"cond-expr","locations":[{"start":{"line":13,"column":28},"end":{"line":13,"column":64}},{"start":{"line":13,"column":67},"end":{"line":13,"column":69}}],"line":13},"7":{"loc":{"start":{"line":17,"column":16},"end":{"line":17,"column":87}},"type":"binary-expr","locations":[{"start":{"line":17,"column":16},"end":{"line":17,"column":41}},{"start":{"line":17,"column":45},"end":{"line":17,"column":72}},{"start":{"line":17,"column":76},"end":{"line":17,"column":87}}],"line":17},"8":{"loc":{"start":{"line":19,"column":24},"end":{"line":19,"column":39}},"type":"binary-expr","locations":[{"start":{"line":19,"column":24},"end":{"line":19,"column":30}},{"start":{"line":19,"column":34},"end":{"line":19,"column":39}}],"line":19},"9":{"loc":{"start":{"line":31,"column":2},"end":{"line":31,"column":98}},"type":"if","locations":[{"start":{"line":31,"column":2},"end":{"line":31,"column":98}},{"start":{},"end":{}}],"line":31},"10":{"loc":{"start":{"line":52,"column":17},"end":{"line":54,"column":88}},"type":"cond-expr","locations":[{"start":{"line":53,"column":14},"end":{"line":53,"column":21}},{"start":{"line":54,"column":14},"end":{"line":54,"column":88}}],"line":52},"11":{"loc":{"start":{"line":76,"column":6},"end":{"line":76,"column":54}},"type":"if","locations":[{"start":{"line":76,"column":6},"end":{"line":76,"column":54}},{"start":{},"end":{}}],"line":76},"12":{"loc":{"start":{"line":77,"column":6},"end":{"line":77,"column":83}},"type":"if","locations":[{"start":{"line":77,"column":6},"end":{"line":77,"column":83}},{"start":{},"end":{}}],"line":77},"13":{"loc":{"start":{"line":78,"column":6},"end":{"line":78,"column":54}},"type":"if","locations":[{"start":{"line":78,"column":6},"end":{"line":78,"column":54}},{"start":{},"end":{}}],"line":78},"14":{"loc":{"start":{"line":79,"column":6},"end":{"line":79,"column":57}},"type":"if","locations":[{"start":{"line":79,"column":6},"end":{"line":79,"column":57}},{"start":{},"end":{}}],"line":79},"15":{"loc":{"start":{"line":92,"column":6},"end":{"line":92,"column":47}},"type":"if","locations":[{"start":{"line":92,"column":6},"end":{"line":92,"column":47}},{"start":{},"end":{}}],"line":92},"16":{"loc":{"start":{"line":93,"column":6},"end":{"line":93,"column":44}},"type":"if","locations":[{"start":{"line":93,"column":6},"end":{"line":93,"column":44}},{"start":{},"end":{}}],"line":93},"17":{"loc":{"start":{"line":94,"column":6},"end":{"line":94,"column":38}},"type":"if","locations":[{"start":{"line":94,"column":6},"end":{"line":94,"column":38}},{"start":{},"end":{}}],"line":94},"18":{"loc":{"start":{"line":123,"column":21},"end":{"line":123,"column":51}},"type":"cond-expr","locations":[{"start":{"line":123,"column":29},"end":{"line":123,"column":46}},{"start":{"line":123,"column":49},"end":{"line":123,"column":51}}],"line":123},"19":{"loc":{"start":{"line":132,"column":6},"end":{"line":132,"column":54}},"type":"if","locations":[{"start":{"line":132,"column":6},"end":{"line":132,"column":54}},{"start":{},"end":{}}],"line":132},"20":{"loc":{"start":{"line":133,"column":6},"end":{"line":133,"column":60}},"type":"if","locations":[{"start":{"line":133,"column":6},"end":{"line":133,"column":60}},{"start":{},"end":{}}],"line":133},"21":{"loc":{"start":{"line":134,"column":6},"end":{"line":134,"column":66}},"type":"if","locations":[{"start":{"line":134,"column":6},"end":{"line":134,"column":66}},{"start":{},"end":{}}],"line":134},"22":{"loc":{"start":{"line":135,"column":6},"end":{"line":135,"column":61}},"type":"if","locations":[{"start":{"line":135,"column":6},"end":{"line":135,"column":61}},{"start":{},"end":{}}],"line":135},"23":{"loc":{"start":{"line":136,"column":6},"end":{"line":136,"column":54}},"type":"if","locations":[{"start":{"line":136,"column":6},"end":{"line":136,"column":54}},{"start":{},"end":{}}],"line":136},"24":{"loc":{"start":{"line":137,"column":6},"end":{"line":137,"column":57}},"type":"if","locations":[{"start":{"line":137,"column":6},"end":{"line":137,"column":57}},{"start":{},"end":{}}],"line":137},"25":{"loc":{"start":{"line":156,"column":6},"end":{"line":156,"column":77}},"type":"if","locations":[{"start":{"line":156,"column":6},"end":{"line":156,"column":77}},{"start":{},"end":{}}],"line":156},"26":{"loc":{"start":{"line":157,"column":6},"end":{"line":157,"column":54}},"type":"if","locations":[{"start":{"line":157,"column":6},"end":{"line":157,"column":54}},{"start":{},"end":{}}],"line":157},"27":{"loc":{"start":{"line":158,"column":6},"end":{"line":158,"column":54}},"type":"if","locations":[{"start":{"line":158,"column":6},"end":{"line":158,"column":54}},{"start":{},"end":{}}],"line":158},"28":{"loc":{"start":{"line":159,"column":6},"end":{"line":159,"column":57}},"type":"if","locations":[{"start":{"line":159,"column":6},"end":{"line":159,"column":57}},{"start":{},"end":{}}],"line":159},"29":{"loc":{"start":{"line":254,"column":6},"end":{"line":254,"column":43}},"type":"if","locations":[{"start":{"line":254,"column":6},"end":{"line":254,"column":43}},{"start":{},"end":{}}],"line":254},"30":{"loc":{"start":{"line":268,"column":6},"end":{"line":268,"column":43}},"type":"if","locations":[{"start":{"line":268,"column":6},"end":{"line":268,"column":43}},{"start":{},"end":{}}],"line":268},"31":{"loc":{"start":{"line":269,"column":6},"end":{"line":269,"column":55}},"type":"if","locations":[{"start":{"line":269,"column":6},"end":{"line":269,"column":55}},{"start":{},"end":{}}],"line":269},"32":{"loc":{"start":{"line":278,"column":6},"end":{"line":278,"column":58}},"type":"if","locations":[{"start":{"line":278,"column":6},"end":{"line":278,"column":58}},{"start":{},"end":{}}],"line":278},"33":{"loc":{"start":{"line":279,"column":6},"end":{"line":279,"column":64}},"type":"if","locations":[{"start":{"line":279,"column":6},"end":{"line":279,"column":64}},{"start":{},"end":{}}],"line":279},"34":{"loc":{"start":{"line":280,"column":6},"end":{"line":280,"column":64}},"type":"if","locations":[{"start":{"line":280,"column":6},"end":{"line":280,"column":64}},{"start":{},"end":{}}],"line":280},"35":{"loc":{"start":{"line":281,"column":6},"end":{"line":281,"column":58}},"type":"if","locations":[{"start":{"line":281,"column":6},"end":{"line":281,"column":58}},{"start":{},"end":{}}],"line":281}},"s":{"0":0,"1":0,"2":0,"3":0,"4":0,"5":0,"6":0,"7":0,"8":0,"9":0,"10":0,"11":0,"12":0,"13":0,"14":0,"15":0,"16":0,"17":0,"18":0,"19":0,"20":0,"21":0,"22":0,"23":0,"24":0,"25":0,"26":0,"27":0,"28":0,"29":0,"30":0,"31":0,"32":0,"33":0,"34":0,"35":0,"36":0,"37":0,"38":0,"39":0,"40":0,"41":0,"42":0,"43":0,"44":0,"45":0,"46":0,"47":0,"48":0,"49":0,"50":0,"51":0,"52":0,"53":0,"54":0,"55":0,"56":0,"57":0,"58":0,"59":0,"60":0,"61":0,"62":0,"63":0,"64":0,"65":0,"66":0,"67":0,"68":0,"69":0,"70":0,"71":0,"72":0,"73":0,"74":0,"75":0,"76":0,"77":0,"78":0,"79":0,"80":0,"81":0,"82":0,"83":0,"84":0,"85":0,"86":0,"87":0,"88":0,"89":0,"90":0,"91":0,"92":0,"93":0,"94":0,"95":0,"96":0,"97":0,"98":0,"99":0,"100":0,"101":0,"102":0,"103":0,"104":0,"105":0,"106":0,"107":0,"108":0,"109":0,"110":0,"111":0,"112":0,"113":0,"114":0,"115":0,"116":0,"117":0,"118":0,"119":0,"120":0,"121":0,"122":0,"123":0,"124":0,"125":0,"126":0,"127":0,"128":0,"129":0,"130":0,"131":0,"132":0,"133":0,"134":0,"135":0,"136":0,"137":0,"138":0,"139":0,"140":0,"141":0,"142":0,"143":0,"144":0,"145":0,"146":0,"147":0,"148":0,"149":0,"150":0,"151":0,"152":0,"153":0,"154":0,"155":0,"156":0,"157":0,"158":0,"159":0,"160":0,"161":0,"162":0,"163":0,"164":0,"165":0,"166":0,"167":0,"168":0,"169":0,"170":0,"171":0,"172":0,"173":0,"174":0,"175":0,"176":0,"177":0,"178":0,"179":0,"180":0,"181":0,"182":0,"183":0,"184":0,"185":0},"f":{"0":0,"1":0,"2":0,"3":0,"4":0,"5":0,"6":0,"7":0,"8":0,"9":0,"10":0,"11":0,"12":0,"13":0,"14":0,"15":0,"16":0,"17":0,"18":0,"19":0,"20":0,"21":0,"22":0,"23":0,"24":0,"25":0,"26":0,"27":0,"28":0,"29":0,"30":0,"31":0,"32":0,"33":0,"34":0,"35":0,"36":0,"37":0,"38":0,"39":0,"40":0,"41":0,"42":0,"43":0,"44":0},"b":{"0":[0,0],"1":[0,0],"2":[0,0],"3":[0,0],"4":[0,0],"5":[0],"6":[0,0],"7":[0,0,0],"8":[0,0],"9":[0,0],"10":[0,0],"11":[0,0],"12":[0,0],"13":[0,0],"14":[0,0],"15":[0,0],"16":[0,0],"17":[0,0],"18":[0,0],"19":[0,0],"20":[0,0],"21":[0,0],"22":[0,0],"23":[0,0],"24":[0,0],"25":[0,0],"26":[0,0],"27":[0,0],"28":[0,0],"29":[0,0],"30":[0,0],"31":[0,0],"32":[0,0],"33":[0,0],"34":[0,0],"35":[0,0]}}
,"C:\\tekup2\\webService\\service-web\\gateway\\typeDefs.js": {"path":"C:\\tekup2\\webService\\service-web\\gateway\\typeDefs.js","statementMap":{"0":{"start":{"line":1,"column":16},"end":{"line":1,"column":38}},"1":{"start":{"line":3,"column":17},"end":{"line":436,"column":1}},"2":{"start":{"line":438,"column":0},"end":{"line":438,"column":26}}},"fnMap":{},"branchMap":{},"s":{"0":0,"1":0,"2":0},"f":{},"b":{}}
,"C:\\tekup2\\webService\\service-web\\gateway\\__tests__\\setup.js": {"path":"C:\\tekup2\\webService\\service-web\\gateway\\__tests__\\setup.js","statementMap":{"0":{"start":{"line":2,"column":0},"end":{"line":10,"column":3}},"1":{"start":{"line":3,"column":2},"end":{"line":3,"column":41}},"2":{"start":{"line":4,"column":2},"end":{"line":4,"column":34}},"3":{"start":{"line":5,"column":2},"end":{"line":5,"column":57}},"4":{"start":{"line":6,"column":2},"end":{"line":6,"column":60}},"5":{"start":{"line":7,"column":2},"end":{"line":7,"column":60}},"6":{"start":{"line":8,"column":2},"end":{"line":8,"column":61}},"7":{"start":{"line":9,"column":2},"end":{"line":9,"column":65}},"8":{"start":{"line":12,"column":0},"end":{"line":14,"column":3}},"9":{"start":{"line":13,"column":2},"end":{"line":13,"column":23}}},"fnMap":{"0":{"name":"(anonymous_0)","decl":{"start":{"line":2,"column":10},"end":{"line":2,"column":11}},"loc":{"start":{"line":2,"column":16},"end":{"line":10,"column":1}},"line":2},"1":{"name":"(anonymous_1)","decl":{"start":{"line":12,"column":9},"end":{"line":12,"column":10}},"loc":{"start":{"line":12,"column":15},"end":{"line":14,"column":1}},"line":12}},"branchMap":{},"s":{"0":0,"1":0,"2":0,"3":0,"4":0,"5":0,"6":0,"7":0,"8":0,"9":0},"f":{"0":0,"1":0},"b":{}}
,"C:\\tekup2\\webService\\service-web\\services\\auth\\db.js": {"path":"C:\\tekup2\\webService\\service-web\\services\\auth\\db.js","statementMap":{"0":{"start":{"line":1,"column":14},"end":{"line":1,"column":39}},"1":{"start":{"line":2,"column":0},"end":{"line":2,"column":27}},"2":{"start":{"line":4,"column":13},"end":{"line":13,"column":2}},"3":{"start":{"line":16,"column":2},"end":{"line":23,"column":3}},"4":{"start":{"line":17,"column":17},"end":{"line":17,"column":43}},"5":{"start":{"line":18,"column":4},"end":{"line":18,"column":67}},"6":{"start":{"line":19,"column":4},"end":{"line":19,"column":19}},"7":{"start":{"line":21,"column":4},"end":{"line":21,"column":78}},"8":{"start":{"line":22,"column":4},"end":{"line":22,"column":20}},"9":{"start":{"line":26,"column":0},"end":{"line":26,"column":42}}},"fnMap":{"0":{"name":"testConnection","decl":{"start":{"line":15,"column":15},"end":{"line":15,"column":29}},"loc":{"start":{"line":15,"column":32},"end":{"line":24,"column":1}},"line":15}},"branchMap":{"0":{"loc":{"start":{"line":5,"column":8},"end":{"line":5,"column":42}},"type":"binary-expr","locations":[{"start":{"line":5,"column":8},"end":{"line":5,"column":27}},{"start":{"line":5,"column":31},"end":{"line":5,"column":42}}],"line":5},"1":{"loc":{"start":{"line":6,"column":8},"end":{"line":6,"column":35}},"type":"binary-expr","locations":[{"start":{"line":6,"column":8},"end":{"line":6,"column":27}},{"start":{"line":6,"column":31},"end":{"line":6,"column":35}}],"line":6},"2":{"loc":{"start":{"line":7,"column":8},"end":{"line":7,"column":37}},"type":"binary-expr","locations":[{"start":{"line":7,"column":8},"end":{"line":7,"column":27}},{"start":{"line":7,"column":31},"end":{"line":7,"column":37}}],"line":7},"3":{"loc":{"start":{"line":8,"column":12},"end":{"line":8,"column":41}},"type":"binary-expr","locations":[{"start":{"line":8,"column":12},"end":{"line":8,"column":35}},{"start":{"line":8,"column":39},"end":{"line":8,"column":41}}],"line":8},"4":{"loc":{"start":{"line":9,"column":12},"end":{"line":9,"column":50}},"type":"binary-expr","locations":[{"start":{"line":9,"column":12},"end":{"line":9,"column":31}},{"start":{"line":9,"column":35},"end":{"line":9,"column":50}}],"line":9}},"s":{"0":1,"1":1,"2":1,"3":1,"4":1,"5":1,"6":1,"7":0,"8":0,"9":1},"f":{"0":1},"b":{"0":[1,1],"1":[1,1],"2":[1,1],"3":[1,1],"4":[1,1]},"_coverageSchema":"1a1c01bbd47fc00a2c39e90264f33305004495a9","hash":"234bdb2f7aa097498086229c6dd259522b8003d1"}
,"C:\\tekup2\\webService\\service-web\\services\\auth\\index.js": {"path":"C:\\tekup2\\webService\\service-web\\services\\auth\\index.js","statementMap":{"0":{"start":{"line":1,"column":16},"end":{"line":1,"column":34}},"1":{"start":{"line":2,"column":13},"end":{"line":2,"column":28}},"2":{"start":{"line":3,"column":15},"end":{"line":3,"column":34}},"3":{"start":{"line":4,"column":12},"end":{"line":4,"column":35}},"4":{"start":{"line":5,"column":35},"end":{"line":5,"column":63}},"5":{"start":{"line":6,"column":33},"end":{"line":6,"column":48}},"6":{"start":{"line":7,"column":0},"end":{"line":7,"column":27}},"7":{"start":{"line":9,"column":12},"end":{"line":9,"column":21}},"8":{"start":{"line":10,"column":0},"end":{"line":10,"column":16}},"9":{"start":{"line":11,"column":0},"end":{"line":11,"column":24}},"10":{"start":{"line":13,"column":13},"end":{"line":13,"column":50}},"11":{"start":{"line":14,"column":19},"end":{"line":14,"column":62}},"12":{"start":{"line":15,"column":23},"end":{"line":15,"column":57}},"13":{"start":{"line":18,"column":21},"end":{"line":31,"column":1}},"14":{"start":{"line":19,"column":21},"end":{"line":19,"column":46}},"15":{"start":{"line":20,"column":2},"end":{"line":22,"column":3}},"16":{"start":{"line":21,"column":4},"end":{"line":21,"column":73}},"17":{"start":{"line":23,"column":2},"end":{"line":30,"column":3}},"18":{"start":{"line":24,"column":18},"end":{"line":24,"column":42}},"19":{"start":{"line":25,"column":20},"end":{"line":25,"column":49}},"20":{"start":{"line":26,"column":4},"end":{"line":26,"column":23}},"21":{"start":{"line":27,"column":4},"end":{"line":27,"column":11}},"22":{"start":{"line":29,"column":4},"end":{"line":29,"column":71}},"23":{"start":{"line":33,"column":21},"end":{"line":38,"column":1}},"24":{"start":{"line":34,"column":2},"end":{"line":36,"column":3}},"25":{"start":{"line":35,"column":4},"end":{"line":35,"column":80}},"26":{"start":{"line":37,"column":2},"end":{"line":37,"column":9}},"27":{"start":{"line":41,"column":27},"end":{"line":46,"column":1}},"28":{"start":{"line":48,"column":24},"end":{"line":51,"column":1}},"29":{"start":{"line":56,"column":0},"end":{"line":95,"column":3}},"30":{"start":{"line":57,"column":17},"end":{"line":57,"column":38}},"31":{"start":{"line":58,"column":2},"end":{"line":60,"column":3}},"32":{"start":{"line":59,"column":4},"end":{"line":59,"column":60}},"33":{"start":{"line":62,"column":59},"end":{"line":62,"column":67}},"34":{"start":{"line":64,"column":2},"end":{"line":94,"column":3}},"35":{"start":{"line":66,"column":23},"end":{"line":69,"column":5}},"36":{"start":{"line":70,"column":4},"end":{"line":72,"column":5}},"37":{"start":{"line":71,"column":6},"end":{"line":71,"column":79}},"38":{"start":{"line":74,"column":27},"end":{"line":74,"column":58}},"39":{"start":{"line":75,"column":21},"end":{"line":78,"column":5}},"40":{"start":{"line":80,"column":18},"end":{"line":84,"column":5}},"41":{"start":{"line":86,"column":4},"end":{"line":90,"column":7}},"42":{"start":{"line":92,"column":4},"end":{"line":92,"column":23}},"43":{"start":{"line":93,"column":4},"end":{"line":93,"column":77}},"44":{"start":{"line":98,"column":0},"end":{"line":142,"column":3}},"45":{"start":{"line":99,"column":17},"end":{"line":99,"column":38}},"46":{"start":{"line":100,"column":2},"end":{"line":102,"column":3}},"47":{"start":{"line":101,"column":4},"end":{"line":101,"column":60}},"48":{"start":{"line":104,"column":30},"end":{"line":104,"column":38}},"49":{"start":{"line":106,"column":2},"end":{"line":141,"column":3}},"50":{"start":{"line":107,"column":20},"end":{"line":110,"column":5}},"51":{"start":{"line":112,"column":4},"end":{"line":114,"column":5}},"52":{"start":{"line":113,"column":6},"end":{"line":113,"column":72}},"53":{"start":{"line":116,"column":17},"end":{"line":116,"column":25}},"54":{"start":{"line":117,"column":20},"end":{"line":117,"column":65}},"55":{"start":{"line":118,"column":4},"end":{"line":120,"column":5}},"56":{"start":{"line":119,"column":6},"end":{"line":119,"column":72}},"57":{"start":{"line":122,"column":18},"end":{"line":126,"column":5}},"58":{"start":{"line":128,"column":4},"end":{"line":137,"column":7}},"59":{"start":{"line":139,"column":4},"end":{"line":139,"column":23}},"60":{"start":{"line":140,"column":4},"end":{"line":140,"column":75}},"61":{"start":{"line":145,"column":0},"end":{"line":158,"column":3}},"62":{"start":{"line":146,"column":2},"end":{"line":157,"column":3}},"63":{"start":{"line":147,"column":20},"end":{"line":150,"column":5}},"64":{"start":{"line":151,"column":4},"end":{"line":153,"column":5}},"65":{"start":{"line":152,"column":6},"end":{"line":152,"column":71}},"66":{"start":{"line":154,"column":4},"end":{"line":154,"column":33}},"67":{"start":{"line":156,"column":4},"end":{"line":156,"column":54}},"68":{"start":{"line":161,"column":0},"end":{"line":163,"column":3}},"69":{"start":{"line":162,"column":2},"end":{"line":162,"column":44}},"70":{"start":{"line":166,"column":0},"end":{"line":175,"column":3}},"71":{"start":{"line":167,"column":2},"end":{"line":174,"column":3}},"72":{"start":{"line":168,"column":20},"end":{"line":170,"column":5}},"73":{"start":{"line":171,"column":4},"end":{"line":171,"column":45}},"74":{"start":{"line":173,"column":4},"end":{"line":173,"column":54}},"75":{"start":{"line":178,"column":0},"end":{"line":200,"column":2}},"76":{"start":{"line":183,"column":19},"end":{"line":183,"column":40}},"77":{"start":{"line":184,"column":4},"end":{"line":184,"column":83}},"78":{"start":{"line":184,"column":27},"end":{"line":184,"column":83}},"79":{"start":{"line":186,"column":21},"end":{"line":186,"column":29}},"80":{"start":{"line":187,"column":4},"end":{"line":198,"column":5}},"81":{"start":{"line":188,"column":23},"end":{"line":191,"column":7}},"82":{"start":{"line":192,"column":6},"end":{"line":194,"column":7}},"83":{"start":{"line":193,"column":8},"end":{"line":193,"column":73}},"84":{"start":{"line":195,"column":6},"end":{"line":195,"column":59}},"85":{"start":{"line":197,"column":6},"end":{"line":197,"column":56}},"86":{"start":{"line":203,"column":0},"end":{"line":210,"column":3}},"87":{"start":{"line":204,"column":2},"end":{"line":209,"column":3}},"88":{"start":{"line":205,"column":4},"end":{"line":205,"column":89}},"89":{"start":{"line":206,"column":4},"end":{"line":206,"column":51}},"90":{"start":{"line":208,"column":4},"end":{"line":208,"column":54}},"91":{"start":{"line":213,"column":0},"end":{"line":215,"column":3}},"92":{"start":{"line":214,"column":2},"end":{"line":214,"column":83}},"93":{"start":{"line":218,"column":0},"end":{"line":222,"column":3}},"94":{"start":{"line":219,"column":2},"end":{"line":221,"column":5}},"95":{"start":{"line":220,"column":4},"end":{"line":220,"column":59}},"96":{"start":{"line":223,"column":0},"end":{"line":229,"column":2}}},"fnMap":{"0":{"name":"(anonymous_0)","decl":{"start":{"line":18,"column":21},"end":{"line":18,"column":22}},"loc":{"start":{"line":18,"column":41},"end":{"line":31,"column":1}},"line":18},"1":{"name":"(anonymous_1)","decl":{"start":{"line":33,"column":21},"end":{"line":33,"column":22}},"loc":{"start":{"line":33,"column":41},"end":{"line":38,"column":1}},"line":33},"2":{"name":"(anonymous_2)","decl":{"start":{"line":56,"column":47},"end":{"line":56,"column":48}},"loc":{"start":{"line":56,"column":67},"end":{"line":95,"column":1}},"line":56},"3":{"name":"(anonymous_3)","decl":{"start":{"line":98,"column":41},"end":{"line":98,"column":42}},"loc":{"start":{"line":98,"column":61},"end":{"line":142,"column":1}},"line":98},"4":{"name":"(anonymous_4)","decl":{"start":{"line":145,"column":34},"end":{"line":145,"column":35}},"loc":{"start":{"line":145,"column":54},"end":{"line":158,"column":1}},"line":145},"5":{"name":"(anonymous_5)","decl":{"start":{"line":161,"column":38},"end":{"line":161,"column":39}},"loc":{"start":{"line":161,"column":52},"end":{"line":163,"column":1}},"line":161},"6":{"name":"(anonymous_6)","decl":{"start":{"line":166,"column":51},"end":{"line":166,"column":52}},"loc":{"start":{"line":166,"column":71},"end":{"line":175,"column":1}},"line":166},"7":{"name":"(anonymous_7)","decl":{"start":{"line":182,"column":2},"end":{"line":182,"column":3}},"loc":{"start":{"line":182,"column":22},"end":{"line":199,"column":3}},"line":182},"8":{"name":"(anonymous_8)","decl":{"start":{"line":203,"column":58},"end":{"line":203,"column":59}},"loc":{"start":{"line":203,"column":78},"end":{"line":210,"column":1}},"line":203},"9":{"name":"(anonymous_9)","decl":{"start":{"line":213,"column":19},"end":{"line":213,"column":20}},"loc":{"start":{"line":213,"column":33},"end":{"line":215,"column":1}},"line":213},"10":{"name":"(anonymous_10)","decl":{"start":{"line":218,"column":22},"end":{"line":218,"column":23}},"loc":{"start":{"line":218,"column":28},"end":{"line":222,"column":1}},"line":218},"11":{"name":"(anonymous_11)","decl":{"start":{"line":219,"column":19},"end":{"line":219,"column":20}},"loc":{"start":{"line":219,"column":25},"end":{"line":221,"column":3}},"line":219}},"branchMap":{"0":{"loc":{"start":{"line":13,"column":13},"end":{"line":13,"column":50}},"type":"binary-expr","locations":[{"start":{"line":13,"column":13},"end":{"line":13,"column":42}},{"start":{"line":13,"column":46},"end":{"line":13,"column":50}}],"line":13},"1":{"loc":{"start":{"line":14,"column":19},"end":{"line":14,"column":62}},"type":"binary-expr","locations":[{"start":{"line":14,"column":19},"end":{"line":14,"column":41}},{"start":{"line":14,"column":45},"end":{"line":14,"column":62}}],"line":14},"2":{"loc":{"start":{"line":15,"column":23},"end":{"line":15,"column":57}},"type":"binary-expr","locations":[{"start":{"line":15,"column":23},"end":{"line":15,"column":49}},{"start":{"line":15,"column":53},"end":{"line":15,"column":57}}],"line":15},"3":{"loc":{"start":{"line":20,"column":2},"end":{"line":22,"column":3}},"type":"if","locations":[{"start":{"line":20,"column":2},"end":{"line":22,"column":3}},{"start":{},"end":{}}],"line":20},"4":{"loc":{"start":{"line":20,"column":6},"end":{"line":20,"column":54}},"type":"binary-expr","locations":[{"start":{"line":20,"column":6},"end":{"line":20,"column":17}},{"start":{"line":20,"column":21},"end":{"line":20,"column":54}}],"line":20},"5":{"loc":{"start":{"line":34,"column":2},"end":{"line":36,"column":3}},"type":"if","locations":[{"start":{"line":34,"column":2},"end":{"line":36,"column":3}},{"start":{},"end":{}}],"line":34},"6":{"loc":{"start":{"line":58,"column":2},"end":{"line":60,"column":3}},"type":"if","locations":[{"start":{"line":58,"column":2},"end":{"line":60,"column":3}},{"start":{},"end":{}}],"line":58},"7":{"loc":{"start":{"line":62,"column":37},"end":{"line":62,"column":54}},"type":"default-arg","locations":[{"start":{"line":62,"column":44},"end":{"line":62,"column":54}}],"line":62},"8":{"loc":{"start":{"line":70,"column":4},"end":{"line":72,"column":5}},"type":"if","locations":[{"start":{"line":70,"column":4},"end":{"line":72,"column":5}},{"start":{},"end":{}}],"line":70},"9":{"loc":{"start":{"line":100,"column":2},"end":{"line":102,"column":3}},"type":"if","locations":[{"start":{"line":100,"column":2},"end":{"line":102,"column":3}},{"start":{},"end":{}}],"line":100},"10":{"loc":{"start":{"line":112,"column":4},"end":{"line":114,"column":5}},"type":"if","locations":[{"start":{"line":112,"column":4},"end":{"line":114,"column":5}},{"start":{},"end":{}}],"line":112},"11":{"loc":{"start":{"line":118,"column":4},"end":{"line":120,"column":5}},"type":"if","locations":[{"start":{"line":118,"column":4},"end":{"line":120,"column":5}},{"start":{},"end":{}}],"line":118},"12":{"loc":{"start":{"line":151,"column":4},"end":{"line":153,"column":5}},"type":"if","locations":[{"start":{"line":151,"column":4},"end":{"line":153,"column":5}},{"start":{},"end":{}}],"line":151},"13":{"loc":{"start":{"line":184,"column":4},"end":{"line":184,"column":83}},"type":"if","locations":[{"start":{"line":184,"column":4},"end":{"line":184,"column":83}},{"start":{},"end":{}}],"line":184},"14":{"loc":{"start":{"line":192,"column":6},"end":{"line":194,"column":7}},"type":"if","locations":[{"start":{"line":192,"column":6},"end":{"line":194,"column":7}},{"start":{},"end":{}}],"line":192}},"s":{"0":1,"1":1,"2":1,"3":1,"4":1,"5":1,"6":1,"7":1,"8":1,"9":1,"10":1,"11":1,"12":1,"13":1,"14":0,"15":0,"16":0,"17":0,"18":0,"19":0,"20":0,"21":0,"22":0,"23":1,"24":0,"25":0,"26":0,"27":1,"28":1,"29":1,"30":0,"31":0,"32":0,"33":0,"34":0,"35":0,"36":0,"37":0,"38":0,"39":0,"40":0,"41":0,"42":0,"43":0,"44":1,"45":0,"46":0,"47":0,"48":0,"49":0,"50":0,"51":0,"52":0,"53":0,"54":0,"55":0,"56":0,"57":0,"58":0,"59":0,"60":0,"61":1,"62":0,"63":0,"64":0,"65":0,"66":0,"67":0,"68":1,"69":0,"70":1,"71":0,"72":0,"73":0,"74":0,"75":1,"76":0,"77":0,"78":0,"79":0,"80":0,"81":0,"82":0,"83":0,"84":0,"85":0,"86":1,"87":0,"88":0,"89":0,"90":0,"91":1,"92":0,"93":1,"94":1,"95":0,"96":1},"f":{"0":0,"1":0,"2":0,"3":0,"4":0,"5":0,"6":0,"7":0,"8":0,"9":0,"10":1,"11":0},"b":{"0":[1,1],"1":[1,1],"2":[1,1],"3":[0,0],"4":[0,0],"5":[0,0],"6":[0,0],"7":[0],"8":[0,0],"9":[0,0],"10":[0,0],"11":[0,0],"12":[0,0],"13":[0,0],"14":[0,0]},"_coverageSchema":"1a1c01bbd47fc00a2c39e90264f33305004495a9","hash":"e95575148c770fbde0eeec45eac015072b4d1dde"}
,"C:\\tekup2\\webService\\service-web\\services\\auth\\jest.config.js": {"path":"C:\\tekup2\\webService\\service-web\\services\\auth\\jest.config.js","statementMap":{"0":{"start":{"line":1,"column":0},"end":{"line":20,"column":2}}},"fnMap":{},"branchMap":{},"s":{"0":0},"f":{},"b":{}}
,"C:\\tekup2\\webService\\service-web\\services\\auth\\__tests__\\setup.js": {"path":"C:\\tekup2\\webService\\service-web\\services\\auth\\__tests__\\setup.js","statementMap":{"0":{"start":{"line":2,"column":0},"end":{"line":9,"column":3}},"1":{"start":{"line":4,"column":2},"end":{"line":4,"column":41}},"2":{"start":{"line":5,"column":2},"end":{"line":5,"column":36}},"3":{"start":{"line":6,"column":2},"end":{"line":6,"column":31}},"4":{"start":{"line":7,"column":2},"end":{"line":7,"column":31}},"5":{"start":{"line":8,"column":2},"end":{"line":8,"column":45}},"6":{"start":{"line":11,"column":0},"end":{"line":14,"column":3}},"7":{"start":{"line":13,"column":2},"end":{"line":13,"column":23}}},"fnMap":{"0":{"name":"(anonymous_0)","decl":{"start":{"line":2,"column":10},"end":{"line":2,"column":11}},"loc":{"start":{"line":2,"column":16},"end":{"line":9,"column":1}},"line":2},"1":{"name":"(anonymous_1)","decl":{"start":{"line":11,"column":9},"end":{"line":11,"column":10}},"loc":{"start":{"line":11,"column":15},"end":{"line":14,"column":1}},"line":11}},"branchMap":{},"s":{"0":0,"1":0,"2":0,"3":0,"4":0,"5":0,"6":0,"7":0},"f":{"0":0,"1":0},"b":{}}
,"C:\\tekup2\\webService\\service-web\\services\\incidents\\index.js": {"path":"C:\\tekup2\\webService\\service-web\\services\\incidents\\index.js","statementMap":{"0":{"start":{"line":1,"column":16},"end":{"line":1,"column":34}},"1":{"start":{"line":2,"column":13},"end":{"line":2,"column":28}},"2":{"start":{"line":3,"column":12},"end":{"line":3,"column":35}},"3":{"start":{"line":4,"column":14},"end":{"line":4,"column":30}},"4":{"start":{"line":5,"column":35},"end":{"line":5,"column":63}},"5":{"start":{"line":6,"column":14},"end":{"line":6,"column":39}},"6":{"start":{"line":7,"column":0},"end":{"line":7,"column":27}},"7":{"start":{"line":9,"column":12},"end":{"line":9,"column":21}},"8":{"start":{"line":10,"column":0},"end":{"line":10,"column":16}},"9":{"start":{"line":11,"column":0},"end":{"line":11,"column":24}},"10":{"start":{"line":13,"column":13},"end":{"line":13,"column":54}},"11":{"start":{"line":14,"column":19},"end":{"line":14,"column":62}},"12":{"start":{"line":15,"column":33},"end":{"line":15,"column":96}},"13":{"start":{"line":17,"column":13},"end":{"line":25,"column":2}},"14":{"start":{"line":28,"column":21},"end":{"line":37,"column":1}},"15":{"start":{"line":29,"column":21},"end":{"line":29,"column":46}},"16":{"start":{"line":30,"column":2},"end":{"line":30,"column":97}},"17":{"start":{"line":30,"column":42},"end":{"line":30,"column":97}},"18":{"start":{"line":31,"column":2},"end":{"line":36,"column":3}},"19":{"start":{"line":32,"column":4},"end":{"line":32,"column":64}},"20":{"start":{"line":33,"column":4},"end":{"line":33,"column":11}},"21":{"start":{"line":35,"column":4},"end":{"line":35,"column":61}},"22":{"start":{"line":41,"column":2},"end":{"line":48,"column":3}},"23":{"start":{"line":42,"column":4},"end":{"line":45,"column":7}},"24":{"start":{"line":47,"column":4},"end":{"line":47,"column":66}},"25":{"start":{"line":52,"column":27},"end":{"line":59,"column":1}},"26":{"start":{"line":64,"column":0},"end":{"line":99,"column":3}},"27":{"start":{"line":65,"column":17},"end":{"line":65,"column":38}},"28":{"start":{"line":66,"column":2},"end":{"line":66,"column":81}},"29":{"start":{"line":66,"column":25},"end":{"line":66,"column":81}},"30":{"start":{"line":68,"column":90},"end":{"line":68,"column":98}},"31":{"start":{"line":70,"column":2},"end":{"line":98,"column":3}},"32":{"start":{"line":71,"column":21},"end":{"line":75,"column":5}},"33":{"start":{"line":77,"column":23},"end":{"line":77,"column":98}},"34":{"start":{"line":80,"column":23},"end":{"line":83,"column":5}},"35":{"start":{"line":84,"column":4},"end":{"line":92,"column":7}},"36":{"start":{"line":94,"column":4},"end":{"line":94,"column":81}},"37":{"start":{"line":96,"column":4},"end":{"line":96,"column":23}},"38":{"start":{"line":97,"column":4},"end":{"line":97,"column":54}},"39":{"start":{"line":102,"column":0},"end":{"line":129,"column":3}},"40":{"start":{"line":103,"column":2},"end":{"line":128,"column":3}},"41":{"start":{"line":104,"column":70},"end":{"line":104,"column":79}},"42":{"start":{"line":105,"column":22},"end":{"line":105,"column":33}},"43":{"start":{"line":106,"column":19},"end":{"line":106,"column":21}},"44":{"start":{"line":108,"column":4},"end":{"line":108,"column":70}},"45":{"start":{"line":108,"column":16},"end":{"line":108,"column":49}},"46":{"start":{"line":108,"column":50},"end":{"line":108,"column":68}},"47":{"start":{"line":109,"column":4},"end":{"line":109,"column":76}},"48":{"start":{"line":109,"column":18},"end":{"line":109,"column":53}},"49":{"start":{"line":109,"column":54},"end":{"line":109,"column":74}},"50":{"start":{"line":110,"column":4},"end":{"line":110,"column":82}},"51":{"start":{"line":110,"column":20},"end":{"line":110,"column":57}},"52":{"start":{"line":110,"column":58},"end":{"line":110,"column":80}},"53":{"start":{"line":111,"column":4},"end":{"line":111,"column":79}},"54":{"start":{"line":111,"column":19},"end":{"line":111,"column":55}},"55":{"start":{"line":111,"column":56},"end":{"line":111,"column":77}},"56":{"start":{"line":113,"column":19},"end":{"line":113,"column":57}},"57":{"start":{"line":114,"column":24},"end":{"line":119,"column":5}},"58":{"start":{"line":121,"column":26},"end":{"line":123,"column":5}},"59":{"start":{"line":125,"column":4},"end":{"line":125,"column":81}},"60":{"start":{"line":127,"column":4},"end":{"line":127,"column":54}},"61":{"start":{"line":132,"column":0},"end":{"line":151,"column":3}},"62":{"start":{"line":133,"column":2},"end":{"line":150,"column":3}},"63":{"start":{"line":134,"column":24},"end":{"line":139,"column":5}},"64":{"start":{"line":140,"column":4},"end":{"line":140,"column":94}},"65":{"start":{"line":140,"column":32},"end":{"line":140,"column":94}},"66":{"start":{"line":142,"column":22},"end":{"line":145,"column":5}},"67":{"start":{"line":147,"column":4},"end":{"line":147,"column":59}},"68":{"start":{"line":149,"column":4},"end":{"line":149,"column":54}},"69":{"start":{"line":154,"column":0},"end":{"line":204,"column":2}},"70":{"start":{"line":160,"column":19},"end":{"line":160,"column":40}},"71":{"start":{"line":161,"column":4},"end":{"line":161,"column":83}},"72":{"start":{"line":161,"column":27},"end":{"line":161,"column":83}},"73":{"start":{"line":163,"column":32},"end":{"line":163,"column":40}},"74":{"start":{"line":165,"column":4},"end":{"line":202,"column":5}},"75":{"start":{"line":166,"column":26},"end":{"line":166,"column":99}},"76":{"start":{"line":167,"column":6},"end":{"line":167,"column":96}},"77":{"start":{"line":167,"column":34},"end":{"line":167,"column":96}},"78":{"start":{"line":169,"column":23},"end":{"line":169,"column":35}},"79":{"start":{"line":170,"column":25},"end":{"line":170,"column":40}},"80":{"start":{"line":172,"column":26},"end":{"line":172,"column":67}},"81":{"start":{"line":174,"column":6},"end":{"line":177,"column":8}},"82":{"start":{"line":180,"column":6},"end":{"line":184,"column":8}},"83":{"start":{"line":186,"column":24},"end":{"line":186,"column":97}},"84":{"start":{"line":189,"column":6},"end":{"line":197,"column":9}},"85":{"start":{"line":199,"column":6},"end":{"line":199,"column":71}},"86":{"start":{"line":201,"column":6},"end":{"line":201,"column":56}},"87":{"start":{"line":207,"column":0},"end":{"line":225,"column":3}},"88":{"start":{"line":208,"column":17},"end":{"line":208,"column":38}},"89":{"start":{"line":209,"column":2},"end":{"line":209,"column":81}},"90":{"start":{"line":209,"column":25},"end":{"line":209,"column":81}},"91":{"start":{"line":211,"column":92},"end":{"line":211,"column":100}},"92":{"start":{"line":213,"column":2},"end":{"line":224,"column":3}},"93":{"start":{"line":214,"column":21},"end":{"line":218,"column":5}},"94":{"start":{"line":219,"column":4},"end":{"line":219,"column":97}},"95":{"start":{"line":219,"column":35},"end":{"line":219,"column":97}},"96":{"start":{"line":220,"column":22},"end":{"line":220,"column":95}},"97":{"start":{"line":221,"column":4},"end":{"line":221,"column":71}},"98":{"start":{"line":223,"column":4},"end":{"line":223,"column":54}},"99":{"start":{"line":228,"column":0},"end":{"line":247,"column":3}},"100":{"start":{"line":229,"column":2},"end":{"line":246,"column":3}},"101":{"start":{"line":230,"column":20},"end":{"line":242,"column":6}},"102":{"start":{"line":243,"column":4},"end":{"line":243,"column":34}},"103":{"start":{"line":245,"column":4},"end":{"line":245,"column":54}},"104":{"start":{"line":249,"column":0},"end":{"line":249,"column":120}},"105":{"start":{"line":249,"column":33},"end":{"line":249,"column":118}},"106":{"start":{"line":251,"column":0},"end":{"line":253,"column":100}},"107":{"start":{"line":252,"column":18},"end":{"line":252,"column":66}},"108":{"start":{"line":252,"column":67},"end":{"line":252,"column":82}},"109":{"start":{"line":253,"column":18},"end":{"line":253,"column":79}},"110":{"start":{"line":253,"column":80},"end":{"line":253,"column":96}},"111":{"start":{"line":255,"column":0},"end":{"line":255,"column":84}},"112":{"start":{"line":255,"column":23},"end":{"line":255,"column":82}},"113":{"start":{"line":256,"column":0},"end":{"line":263,"column":2}}},"fnMap":{"0":{"name":"(anonymous_0)","decl":{"start":{"line":28,"column":21},"end":{"line":28,"column":22}},"loc":{"start":{"line":28,"column":41},"end":{"line":37,"column":1}},"line":28},"1":{"name":"sendNotification","decl":{"start":{"line":40,"column":15},"end":{"line":40,"column":31}},"loc":{"start":{"line":40,"column":45},"end":{"line":49,"column":1}},"line":40},"2":{"name":"(anonymous_2)","decl":{"start":{"line":64,"column":57},"end":{"line":64,"column":58}},"loc":{"start":{"line":64,"column":77},"end":{"line":99,"column":1}},"line":64},"3":{"name":"(anonymous_3)","decl":{"start":{"line":102,"column":36},"end":{"line":102,"column":37}},"loc":{"start":{"line":102,"column":56},"end":{"line":129,"column":1}},"line":102},"4":{"name":"(anonymous_4)","decl":{"start":{"line":132,"column":40},"end":{"line":132,"column":41}},"loc":{"start":{"line":132,"column":60},"end":{"line":151,"column":1}},"line":132},"5":{"name":"(anonymous_5)","decl":{"start":{"line":159,"column":2},"end":{"line":159,"column":3}},"loc":{"start":{"line":159,"column":22},"end":{"line":203,"column":3}},"line":159},"6":{"name":"(anonymous_6)","decl":{"start":{"line":207,"column":60},"end":{"line":207,"column":61}},"loc":{"start":{"line":207,"column":80},"end":{"line":225,"column":1}},"line":207},"7":{"name":"(anonymous_7)","decl":{"start":{"line":228,"column":50},"end":{"line":228,"column":51}},"loc":{"start":{"line":228,"column":70},"end":{"line":247,"column":1}},"line":228},"8":{"name":"(anonymous_8)","decl":{"start":{"line":249,"column":19},"end":{"line":249,"column":20}},"loc":{"start":{"line":249,"column":33},"end":{"line":249,"column":118}},"line":249},"9":{"name":"(anonymous_9)","decl":{"start":{"line":252,"column":8},"end":{"line":252,"column":9}},"loc":{"start":{"line":252,"column":16},"end":{"line":252,"column":84}},"line":252},"10":{"name":"(anonymous_10)","decl":{"start":{"line":253,"column":9},"end":{"line":253,"column":10}},"loc":{"start":{"line":253,"column":16},"end":{"line":253,"column":98}},"line":253},"11":{"name":"(anonymous_11)","decl":{"start":{"line":255,"column":17},"end":{"line":255,"column":18}},"loc":{"start":{"line":255,"column":23},"end":{"line":255,"column":82}},"line":255}},"branchMap":{"0":{"loc":{"start":{"line":13,"column":13},"end":{"line":13,"column":54}},"type":"binary-expr","locations":[{"start":{"line":13,"column":13},"end":{"line":13,"column":46}},{"start":{"line":13,"column":50},"end":{"line":13,"column":54}}],"line":13},"1":{"loc":{"start":{"line":14,"column":19},"end":{"line":14,"column":62}},"type":"binary-expr","locations":[{"start":{"line":14,"column":19},"end":{"line":14,"column":41}},{"start":{"line":14,"column":45},"end":{"line":14,"column":62}}],"line":14},"2":{"loc":{"start":{"line":15,"column":33},"end":{"line":15,"column":96}},"type":"binary-expr","locations":[{"start":{"line":15,"column":33},"end":{"line":15,"column":69}},{"start":{"line":15,"column":73},"end":{"line":15,"column":96}}],"line":15},"3":{"loc":{"start":{"line":18,"column":8},"end":{"line":18,"column":42}},"type":"binary-expr","locations":[{"start":{"line":18,"column":8},"end":{"line":18,"column":27}},{"start":{"line":18,"column":31},"end":{"line":18,"column":42}}],"line":18},"4":{"loc":{"start":{"line":19,"column":8},"end":{"line":19,"column":35}},"type":"binary-expr","locations":[{"start":{"line":19,"column":8},"end":{"line":19,"column":27}},{"start":{"line":19,"column":31},"end":{"line":19,"column":35}}],"line":19},"5":{"loc":{"start":{"line":20,"column":8},"end":{"line":20,"column":37}},"type":"binary-expr","locations":[{"start":{"line":20,"column":8},"end":{"line":20,"column":27}},{"start":{"line":20,"column":31},"end":{"line":20,"column":37}}],"line":20},"6":{"loc":{"start":{"line":21,"column":12},"end":{"line":21,"column":41}},"type":"binary-expr","locations":[{"start":{"line":21,"column":12},"end":{"line":21,"column":35}},{"start":{"line":21,"column":39},"end":{"line":21,"column":41}}],"line":21},"7":{"loc":{"start":{"line":22,"column":12},"end":{"line":22,"column":50}},"type":"binary-expr","locations":[{"start":{"line":22,"column":12},"end":{"line":22,"column":31}},{"start":{"line":22,"column":35},"end":{"line":22,"column":50}}],"line":22},"8":{"loc":{"start":{"line":30,"column":2},"end":{"line":30,"column":97}},"type":"if","locations":[{"start":{"line":30,"column":2},"end":{"line":30,"column":97}},{"start":{},"end":{}}],"line":30},"9":{"loc":{"start":{"line":66,"column":2},"end":{"line":66,"column":81}},"type":"if","locations":[{"start":{"line":66,"column":2},"end":{"line":66,"column":81}},{"start":{},"end":{}}],"line":66},"10":{"loc":{"start":{"line":68,"column":36},"end":{"line":68,"column":55}},"type":"default-arg","locations":[{"start":{"line":68,"column":47},"end":{"line":68,"column":55}}],"line":68},"11":{"loc":{"start":{"line":88,"column":16},"end":{"line":88,"column":82}},"type":"cond-expr","locations":[{"start":{"line":88,"column":65},"end":{"line":88,"column":73}},{"start":{"line":88,"column":76},"end":{"line":88,"column":82}}],"line":88},"12":{"loc":{"start":{"line":88,"column":16},"end":{"line":88,"column":62}},"type":"binary-expr","locations":[{"start":{"line":88,"column":16},"end":{"line":88,"column":39}},{"start":{"line":88,"column":43},"end":{"line":88,"column":62}}],"line":88},"13":{"loc":{"start":{"line":104,"column":45},"end":{"line":104,"column":53}},"type":"default-arg","locations":[{"start":{"line":104,"column":52},"end":{"line":104,"column":53}}],"line":104},"14":{"loc":{"start":{"line":104,"column":55},"end":{"line":104,"column":65}},"type":"default-arg","locations":[{"start":{"line":104,"column":63},"end":{"line":104,"column":65}}],"line":104},"15":{"loc":{"start":{"line":108,"column":4},"end":{"line":108,"column":70}},"type":"if","locations":[{"start":{"line":108,"column":4},"end":{"line":108,"column":70}},{"start":{},"end":{}}],"line":108},"16":{"loc":{"start":{"line":109,"column":4},"end":{"line":109,"column":76}},"type":"if","locations":[{"start":{"line":109,"column":4},"end":{"line":109,"column":76}},{"start":{},"end":{}}],"line":109},"17":{"loc":{"start":{"line":110,"column":4},"end":{"line":110,"column":82}},"type":"if","locations":[{"start":{"line":110,"column":4},"end":{"line":110,"column":82}},{"start":{},"end":{}}],"line":110},"18":{"loc":{"start":{"line":111,"column":4},"end":{"line":111,"column":79}},"type":"if","locations":[{"start":{"line":111,"column":4},"end":{"line":111,"column":79}},{"start":{},"end":{}}],"line":111},"19":{"loc":{"start":{"line":140,"column":4},"end":{"line":140,"column":94}},"type":"if","locations":[{"start":{"line":140,"column":4},"end":{"line":140,"column":94}},{"start":{},"end":{}}],"line":140},"20":{"loc":{"start":{"line":161,"column":4},"end":{"line":161,"column":83}},"type":"if","locations":[{"start":{"line":161,"column":4},"end":{"line":161,"column":83}},{"start":{},"end":{}}],"line":161},"21":{"loc":{"start":{"line":167,"column":6},"end":{"line":167,"column":96}},"type":"if","locations":[{"start":{"line":167,"column":6},"end":{"line":167,"column":96}},{"start":{},"end":{}}],"line":167},"22":{"loc":{"start":{"line":172,"column":26},"end":{"line":172,"column":67}},"type":"cond-expr","locations":[{"start":{"line":172,"column":50},"end":{"line":172,"column":60}},{"start":{"line":172,"column":63},"end":{"line":172,"column":67}}],"line":172},"23":{"loc":{"start":{"line":183,"column":24},"end":{"line":183,"column":77}},"type":"binary-expr","locations":[{"start":{"line":183,"column":24},"end":{"line":183,"column":31}},{"start":{"line":183,"column":35},"end":{"line":183,"column":77}}],"line":183},"24":{"loc":{"start":{"line":209,"column":2},"end":{"line":209,"column":81}},"type":"if","locations":[{"start":{"line":209,"column":2},"end":{"line":209,"column":81}},{"start":{},"end":{}}],"line":209},"25":{"loc":{"start":{"line":219,"column":4},"end":{"line":219,"column":97}},"type":"if","locations":[{"start":{"line":219,"column":4},"end":{"line":219,"column":97}},{"start":{},"end":{}}],"line":219}},"s":{"0":0,"1":0,"2":0,"3":0,"4":0,"5":0,"6":0,"7":0,"8":0,"9":0,"10":0,"11":0,"12":0,"13":0,"14":0,"15":0,"16":0,"17":0,"18":0,"19":0,"20":0,"21":0,"22":0,"23":0,"24":0,"25":0,"26":0,"27":0,"28":0,"29":0,"30":0,"31":0,"32":0,"33":0,"34":0,"35":0,"36":0,"37":0,"38":0,"39":0,"40":0,"41":0,"42":0,"43":0,"44":0,"45":0,"46":0,"47":0,"48":0,"49":0,"50":0,"51":0,"52":0,"53":0,"54":0,"55":0,"56":0,"57":0,"58":0,"59":0,"60":0,"61":0,"62":0,"63":0,"64":0,"65":0,"66":0,"67":0,"68":0,"69":0,"70":0,"71":0,"72":0,"73":0,"74":0,"75":0,"76":0,"77":0,"78":0,"79":0,"80":0,"81":0,"82":0,"83":0,"84":0,"85":0,"86":0,"87":0,"88":0,"89":0,"90":0,"91":0,"92":0,"93":0,"94":0,"95":0,"96":0,"97":0,"98":0,"99":0,"100":0,"101":0,"102":0,"103":0,"104":0,"105":0,"106":0,"107":0,"108":0,"109":0,"110":0,"111":0,"112":0,"113":0},"f":{
[...]
n":3}},"22":{"start":{"line":42,"column":4},"end":{"line":42,"column":70}},"23":{"start":{"line":44,"column":2},"end":{"line":44,"column":9}},"24":{"start":{"line":48,"column":26},"end":{"line":56,"column":1}},"25":{"start":{"line":58,"column":22},"end":{"line":63,"column":1}},"26":{"start":{"line":68,"column":0},"end":{"line":94,"column":3}},"27":{"start":{"line":69,"column":17},"end":{"line":69,"column":38}},"28":{"start":{"line":70,"column":2},"end":{"line":70,"column":81}},"29":{"start":{"line":70,"column":25},"end":{"line":70,"column":81}},"30":{"start":{"line":72,"column":82},"end":{"line":72,"column":90}},"31":{"start":{"line":74,"column":2},"end":{"line":93,"column":3}},"32":{"start":{"line":75,"column":23},"end":{"line":77,"column":5}},"33":{"start":{"line":78,"column":4},"end":{"line":80,"column":5}},"34":{"start":{"line":79,"column":6},"end":{"line":79,"column":72}},"35":{"start":{"line":82,"column":21},"end":{"line":86,"column":5}},"36":{"start":{"line":88,"column":22},"end":{"line":88,"column":96}},"37":{"start":{"line":89,"column":4},"end":{"line":89,"column":78}},"38":{"start":{"line":91,"column":4},"end":{"line":91,"column":23}},"39":{"start":{"line":92,"column":4},"end":{"line":92,"column":54}},"40":{"start":{"line":97,"column":0},"end":{"line":124,"column":3}},"41":{"start":{"line":98,"column":2},"end":{"line":123,"column":3}},"42":{"start":{"line":99,"column":54},"end":{"line":99,"column":63}},"43":{"start":{"line":100,"column":22},"end":{"line":100,"column":33}},"44":{"start":{"line":101,"column":19},"end":{"line":101,"column":21}},"45":{"start":{"line":103,"column":4},"end":{"line":103,"column":68}},"46":{"start":{"line":103,"column":16},"end":{"line":103,"column":47}},"47":{"start":{"line":103,"column":48},"end":{"line":103,"column":66}},"48":{"start":{"line":104,"column":4},"end":{"line":104,"column":108}},"49":{"start":{"line":104,"column":35},"end":{"line":104,"column":71}},"50":{"start":{"line":104,"column":72},"end":{"line":104,"column":106}},"51":{"start":{"line":106,"column":19},"end":{"line":106,"column":57}},"52":{"start":{"line":107,"column":23},"end":{"line":113,"column":5}},"53":{"start":{"line":115,"column":26},"end":{"line":117,"column":5}},"54":{"start":{"line":119,"column":4},"end":{"line":119,"column":80}},"55":{"start":{"line":121,"column":4},"end":{"line":121,"column":23}},"56":{"start":{"line":122,"column":4},"end":{"line":122,"column":54}},"57":{"start":{"line":127,"column":0},"end":{"line":142,"column":3}},"58":{"start":{"line":128,"column":2},"end":{"line":141,"column":3}},"59":{"start":{"line":129,"column":23},"end":{"line":129,"column":95}},"60":{"start":{"line":130,"column":4},"end":{"line":130,"column":93}},"61":{"start":{"line":130,"column":31},"end":{"line":130,"column":93}},"62":{"start":{"line":133,"column":24},"end":{"line":136,"column":5}},"63":{"start":{"line":138,"column":4},"end":{"line":138,"column":76}},"64":{"start":{"line":140,"column":4},"end":{"line":140,"column":54}},"65":{"start":{"line":145,"column":0},"end":{"line":165,"column":3}},"66":{"start":{"line":146,"column":17},"end":{"line":146,"column":38}},"67":{"start":{"line":147,"column":2},"end":{"line":147,"column":81}},"68":{"start":{"line":147,"column":25},"end":{"line":147,"column":81}},"69":{"start":{"line":149,"column":93},"end":{"line":149,"column":101}},"70":{"start":{"line":151,"column":2},"end":{"line":164,"column":3}},"71":{"start":{"line":152,"column":21},"end":{"line":157,"column":5}},"72":{"start":{"line":158,"column":4},"end":{"line":158,"column":97}},"73":{"start":{"line":158,"column":35},"end":{"line":158,"column":97}},"74":{"start":{"line":160,"column":22},"end":{"line":160,"column":94}},"75":{"start":{"line":161,"column":4},"end":{"line":161,"column":70}},"76":{"start":{"line":163,"column":4},"end":{"line":163,"column":54}},"77":{"start":{"line":168,"column":0},"end":{"line":176,"column":3}},"78":{"start":{"line":169,"column":2},"end":{"line":175,"column":3}},"79":{"start":{"line":170,"column":21},"end":{"line":170,"column":91}},"80":{"start":{"line":171,"column":4},"end":{"line":171,"column":97}},"81":{"start":{"line":171,"column":35},"end":{"line":171,"column":97}},"82":{"start":{"line":172,"column":4},"end":{"line":172,"column":47}},"83":{"start":{"line":174,"column":4},"end":{"line":174,"column":54}},"84":{"start":{"line":181,"column":0},"end":{"line":203,"column":3}},"85":{"start":{"line":182,"column":17},"end":{"line":182,"column":38}},"86":{"start":{"line":183,"column":2},"end":{"line":183,"column":81}},"87":{"start":{"line":183,"column":25},"end":{"line":183,"column":81}},"88":{"start":{"line":185,"column":72},"end":{"line":185,"column":80}},"89":{"start":{"line":187,"column":2},"end":{"line":202,"column":3}},"90":{"start":{"line":188,"column":23},"end":{"line":188,"column":117}},"91":{"start":{"line":189,"column":4},"end":{"line":189,"column":93}},"92":{"start":{"line":189,"column":31},"end":{"line":189,"column":93}},"93":{"start":{"line":191,"column":21},"end":{"line":194,"column":5}},"94":{"start":{"line":196,"column":4},"end":{"line":199,"column":7}},"95":{"start":{"line":201,"column":4},"end":{"line":201,"column":54}},"96":{"start":{"line":206,"column":0},"end":{"line":224,"column":3}},"97":{"start":{"line":207,"column":2},"end":{"line":223,"column":3}},"98":{"start":{"line":208,"column":37},"end":{"line":208,"column":46}},"99":{"start":{"line":209,"column":22},"end":{"line":209,"column":44}},"100":{"start":{"line":210,"column":19},"end":{"line":210,"column":34}},"101":{"start":{"line":212,"column":4},"end":{"line":212,"column":76}},"102":{"start":{"line":212,"column":16},"end":{"line":212,"column":55}},"103":{"start":{"line":212,"column":56},"end":{"line":212,"column":74}},"104":{"start":{"line":213,"column":4},"end":{"line":213,"column":72}},"105":{"start":{"line":213,"column":14},"end":{"line":213,"column":53}},"106":{"start":{"line":213,"column":54},"end":{"line":213,"column":70}},"107":{"start":{"line":215,"column":24},"end":{"line":218,"column":5}},"108":{"start":{"line":220,"column":4},"end":{"line":220,"column":90}},"109":{"start":{"line":222,"column":4},"end":{"line":222,"column":54}},"110":{"start":{"line":227,"column":0},"end":{"line":254,"column":3}},"111":{"start":{"line":228,"column":2},"end":{"line":253,"column":3}},"112":{"start":{"line":229,"column":23},"end":{"line":229,"column":117}},"113":{"start":{"line":230,"column":4},"end":{"line":230,"column":93}},"114":{"start":{"line":230,"column":31},"end":{"line":230,"column":93}},"115":{"start":{"line":233,"column":20},"end":{"line":233,"column":57}},"116":{"start":{"line":234,"column":20},"end":{"line":234,"column":57}},"117":{"start":{"line":235,"column":22},"end":{"line":235,"column":24}},"118":{"start":{"line":237,"column":4},"end":{"line":248,"column":5}},"119":{"start":{"line":237,"column":17},"end":{"line":237,"column":18}},"120":{"start":{"line":238,"column":18},"end":{"line":238,"column":56}},"121":{"start":{"line":239,"column":18},"end":{"line":239,"column":56}},"122":{"start":{"line":240,"column":20},"end":{"line":240,"column":38}},"123":{"start":{"line":241,"column":22},"end":{"line":241,"column":41}},"124":{"start":{"line":243,"column":6},"end":{"line":246,"column":8}},"125":{"start":{"line":247,"column":6},"end":{"line":247,"column":72}},"126":{"start":{"line":250,"column":4},"end":{"line":250,"column":61}},"127":{"start":{"line":252,"column":4},"end":{"line":252,"column":54}},"128":{"start":{"line":257,"column":0},"end":{"line":259,"column":3}},"129":{"start":{"line":258,"column":2},"end":{"line":258,"column":87}},"130":{"start":{"line":261,"column":0},"end":{"line":263,"column":99}},"131":{"start":{"line":262,"column":18},"end":{"line":262,"column":65}},"132":{"start":{"line":262,"column":66},"end":{"line":262,"column":81}},"133":{"start":{"line":263,"column":18},"end":{"line":263,"column":78}},"134":{"start":{"line":263,"column":79},"end":{"line":263,"column":95}},"135":{"start":{"line":265,"column":0},"end":{"line":265,"column":82}},"136":{"start":{"line":265,"column":23},"end":{"line":265,"column":80}},"137":{"start":{"line":266,"column":0},"end":{"line":273,"column":2}}},"fnMap":{"0":{"name":"(anonymous_0)","decl":{"start":{"line":27,"column":21},"end":{"line":27,"column":22}},"loc":{"start":{"line":27,"column":41},"end":{"line":38,"column":1}},"line":27},"1":{"name":"(anonymous_1)","decl":{"start":{"line":40,"column":21},"end":{"line":40,"column":22}},"loc":{"start":{"line":40,"column":41},"end":{"line":45,"column":1}},"line":40},"2":{"name":"(anonymous_2)","decl":{"start":{"line":68,"column":55},"end":{"line":68,"column":56}},"loc":{"start":{"line":68,"column":75},"end":{"line":94,"column":1}},"line":68},"3":{"name":"(anonymous_3)","decl":{"start":{"line":97,"column":35},"end":{"line":97,"column":36}},"loc":{"start":{"line":97,"column":55},"end":{"line":124,"column":1}},"line":97},"4":{"name":"(anonymous_4)","decl":{"start":{"line":127,"column":39},"end":{"line":127,"column":40}},"loc":{"start":{"line":127,"column":59},"end":{"line":142,"column":1}},"line":127},"5":{"name":"(anonymous_5)","decl":{"start":{"line":145,"column":58},"end":{"line":145,"column":59}},"loc":{"start":{"line":145,"column":78},"end":{"line":165,"column":1}},"line":145},"6":{"name":"(anonymous_6)","decl":{"start":{"line":168,"column":56},"end":{"line":168,"column":57}},"loc":{"start":{"line":168,"column":76},"end":{"line":176,"column":1}},"line":168},"7":{"name":"(anonymous_7)","decl":{"start":{"line":181,"column":65},"end":{"line":181,"column":66}},"loc":{"start":{"line":181,"column":85},"end":{"line":203,"column":1}},"line":181},"8":{"name":"(anonymous_8)","decl":{"start":{"line":206,"column":49},"end":{"line":206,"column":50}},"loc":{"start":{"line":206,"column":69},"end":{"line":224,"column":1}},"line":206},"9":{"name":"(anonymous_9)","decl":{"start":{"line":227,"column":49},"end":{"line":227,"column":50}},"loc":{"start":{"line":227,"column":69},"end":{"line":254,"column":1}},"line":227},"10":{"name":"(anonymous_10)","decl":{"start":{"line":257,"column":19},"end":{"line":257,"column":20}},"loc":{"start":{"line":257,"column":33},"end":{"line":259,"column":1}},"line":257},"11":{"name":"(anonymous_11)","decl":{"start":{"line":262,"column":8},"end":{"line":262,"column":9}},"loc":{"start":{"line":262,"column":16},"end":{"line":262,"column":83}},"line":262},"12":{"name":"(anonymous_12)","decl":{"start":{"line":263,"column":9},"end":{"line":263,"column":10}},"loc":{"start":{"line":263,"column":16},"end":{"line":263,"column":97}},"line":263},"13":{"name":"(anonymous_13)","decl":{"start":{"line":265,"column":17},"end":{"line":265,"column":18}},"loc":{"start":{"line":265,"column":23},"end":{"line":265,"column":80}},"line":265}},"branchMap":{"0":{"loc":{"start":{"line":12,"column":13},"end":{"line":12,"column":53}},"type":"binary-expr","locations":[{"start":{"line":12,"column":13},"end":{"line":12,"column":45}},{"start":{"line":12,"column":49},"end":{"line":12,"column":53}}],"line":12},"1":{"loc":{"start":{"line":13,"column":19},"end":{"line":13,"column":62}},"type":"binary-expr","locations":[{"start":{"line":13,"column":19},"end":{"line":13,"column":41}},{"start":{"line":13,"column":45},"end":{"line":13,"column":62}}],"line":13},"2":{"loc":{"start":{"line":17,"column":8},"end":{"line":17,"column":42}},"type":"binary-expr","locations":[{"start":{"line":17,"column":8},"end":{"line":17,"column":27}},{"start":{"line":17,"column":31},"end":{"line":17,"column":42}}],"line":17},"3":{"loc":{"start":{"line":18,"column":8},"end":{"line":18,"column":35}},"type":"binary-expr","locations":[{"start":{"line":18,"column":8},"end":{"line":18,"column":27}},{"start":{"line":18,"column":31},"end":{"line":18,"column":35}}],"line":18},"4":{"loc":{"start":{"line":19,"column":8},"end":{"line":19,"column":37}},"type":"binary-expr","locations":[{"start":{"line":19,"column":8},"end":{"line":19,"column":27}},{"start":{"line":19,"column":31},"end":{"line":19,"column":37}}],"line":19},"5":{"loc":{"start":{"line":20,"column":12},"end":{"line":20,"column":41}},"type":"binary-expr","locations":[{"start":{"line":20,"column":12},"end":{"line":20,"column":35}},{"start":{"line":20,"column":39},"end":{"line":20,"column":41}}],"line":20},"6":{"loc":{"start":{"line":21,"column":12},"end":{"line":21,"column":50}},"type":"binary-expr","locations":[{"start":{"line":21,"column":12},"end":{"line":21,"column":31}},{"start":{"line":21,"column":35},"end":{"line":21,"column":50}}],"line":21},"7":{"loc":{"start":{"line":29,"column":2},"end":{"line":31,"column":3}},"type":"if","locations":[{"start":{"line":29,"column":2},"end":{"line":31,"column":3}},{"start":{},"end":{}}],"line":29},"8":{"loc":{"start":{"line":41,"column":2},"end":{"line":43,"column":3}},"type":"if","locations":[{"start":{"line":41,"column":2},"end":{"line":43,"column":3}},{"start":{},"end":{}}],"line":41},"9":{"loc":{"start":{"line":70,"column":2},"end":{"line":70,"column":81}},"type":"if","locations":[{"start":{"line":70,"column":2},"end":{"line":70,"column":81}},{"start":{},"end":{}}],"line":70},"10":{"loc":{"start":{"line":78,"column":4},"end":{"line":80,"column":5}},"type":"if","locations":[{"start":{"line":78,"column":4},"end":{"line":80,"column":5}},{"start":{},"end":{}}],"line":78},"11":{"loc":{"start":{"line":99,"column":29},"end":{"line":99,"column":37}},"type":"default-arg","locations":[{"start":{"line":99,"column":36},"end":{"line":99,"column":37}}],"line":99},"12":{"loc":{"start":{"line":99,"column":39},"end":{"line":99,"column":49}},"type":"default-arg","locations":[{"start":{"line":99,"column":47},"end":{"line":99,"column":49}}],"line":99},"13":{"loc":{"start":{"line":103,"column":4},"end":{"line":103,"column":68}},"type":"if","locations":[{"start":{"line":103,"column":4},"end":{"line":103,"column":68}},{"start":{},"end":{}}],"line":103},"14":{"loc":{"start":{"line":104,"column":4},"end":{"line":104,"column":108}},"type":"if","locations":[{"start":{"line":104,"column":4},"end":{"line":104,"column":108}},{"start":{},"end":{}}],"line":104},"15":{"loc":{"start":{"line":130,"column":4},"end":{"line":130,"column":93}},"type":"if","locations":[{"start":{"line":130,"column":4},"end":{"line":130,"column":93}},{"start":{},"end":{}}],"line":130},"16":{"loc":{"start":{"line":138,"column":52},"end":{"line":138,"column":72}},"type":"binary-expr","locations":[{"start":{"line":138,"column":52},"end":{"line":138,"column":64}},{"start":{"line":138,"column":68},"end":{"line":138,"column":72}}],"line":138},"17":{"loc":{"start":{"line":147,"column":2},"end":{"line":147,"column":81}},"type":"if","locations":[{"start":{"line":147,"column":2},"end":{"line":147,"column":81}},{"start":{},"end":{}}],"line":147},"18":{"loc":{"start":{"line":156,"column":7},"end":{"line":156,"column":49}},"type":"cond-expr","locations":[{"start":{"line":156,"column":33},"end":{"line":156,"column":42}},{"start":{"line":156,"column":45},"end":{"line":156,"column":49}}],"line":156},"19":{"loc":{"start":{"line":158,"column":4},"end":{"line":158,"column":97}},"type":"if","locations":[{"start":{"line":158,"column":4},"end":{"line":158,"column":97}},{"start":{},"end":{}}],"line":158},"20":{"loc":{"start":{"line":171,"column":4},"end":{"line":171,"column":97}},"type":"if","locations":[{"start":{"line":171,"column":4},"end":{"line":171,"column":97}},{"start":{},"end":{}}],"line":171},"21":{"loc":{"start":{"line":183,"column":2},"end":{"line":183,"column":81}},"type":"if","locations":[{"start":{"line":183,"column":2},"end":{"line":183,"column":81}},{"start":{},"end":{}}],"line":183},"22":{"loc":{"start":{"line":185,"column":31},"end":{"line":185,"column":40}},"type":"default-arg","locations":[{"start":{"line":185,"column":39},"end":{"line":185,"column":40}}],"line":185},"23":{"loc":{"start":{"line":185,"column":42},"end":{"line":185,"column":53}},"type":"default-arg","locations":[{"start":{"line":185,"column":52},"end":{"line":185,"column":53}}],"line":185},"24":{"loc":{"start":{"line":185,"column":55},"end":{"line":185,"column":67}},"type":"default-arg","locations":[{"start":{"line":185,"column":66},"end":{"line":185,"column":67}}],"line":185},"25":{"loc":{"start":{"line":189,"column":4},"end":{"line":189,"column":93}},"type":"if","locations":[{"start":{"line":189,"column":4},"end":{"line":189,"column":93}},{"start":{},"end":{}}],"line":189},"26":{"loc":{"start":{"line":208,"column":12},"end":{"line":208,"column":22}},"type":"default-arg","locations":[{"start":{"line":208,"column":20},"end":{"line":208,"column":22}}],"line":208},"27":{"loc":{"start":{"line":212,"column":4},"end":{"line":212,"column":76}},"type":"if","locations":[{"start":{"line":212,"column":4},"end":{"line":212,"column":76}},{"start":{},"end":{}}],"line":212},"28":{"loc":{"start":{"line":213,"column":4},"end":{"line":213,"column":72}},"type":"if","locations":[{"start":{"line":213,"column":4},"end":{"line":213,"column":72}},{"start":{},"end":{}}],"line":213},"29":{"loc":{"start":{"line":230,"column":4},"end":{"line":230,"column":93}},"type":"if","locations":[{"start":{"line":230,"column":4},"end":{"line":230,"column":93}},{"start":{},"end":{}}],"line":230}},"s":{"0":0,"1":0,"2":0,"3":0,"4":0,"5":0,"6":0,"7":0,"8":0,"9":0,"10":0,"11":0,"12":0,"13":0,"14":0,"15":0,"16":0,"17":0,"18":0,"19":0,"20":0,"21":0,"22":0,"23":0,"24":0,"25":0,"26":0,"27":0,"28":0,"29":0,"30":0,"31":0,"32":0,"33":0,"34":0,"35":0,"36":0,"37":0,"38":0,"39":0,"40":0,"41":0,"42":0,"43":0,"44":0,"45":0,"46":0,"47":0,"48":0,"49":0,"50":0,"51":0,"52":0,"53":0,"54":0,"55":0,"56":0,"57":0,"58":0,"59":0,"60":0,"61":0,"62":0,"63":0,"64":0,"65":0,"66":0,"67":0,"68":0,"69":0,"70":0,"71":0,"72":0,"73":0,"74":0,"75":0,"76":0,"77":0,"78":0,"79":0,"80":0,"81":0,"82":0,"83":0,"84":0,"85":0,"86":0,"87":0,"88":0,"89":0,"90":0,"91":0,"92":0,"93":0,"94":0,"95":0,"96":0,"97":0,"98":0,"99":0,"100":0,"101":0,"102":0,"103":0,"104":0,"105":0,"106":0,"107":0,"108":0,"109":0,"110":0,"111":0,"112":0,"113":0,"114":0,"115":0,"116":0,"117":0,"118":0,"119":0,"120":0,"121":0,"122":0,"123":0,"124":0,"125":0,"126":0,"127":0,"128":0,"129":0,"130":0,"131":0,"132":0,"133":0,"134":0,"135":0,"136":0,"137":0},"f":{"0":0,"1":0,"2":0,"3":0,"4":0,"5":0,"6":0,"7":0,"8":0,"9":0,"10":0,"11":0,"12":0,"13":0},"b":{"0":[0,0],"1":[0,0],"2":[0,0],"3":[0,0],"4":[0,0],"5":[0,0],"6":[0,0],"7":[0,0],"8":[0,0],"9":[0,0],"10":[0,0],"11":[0],"12":[0],"13":[0,0],"14":[0,0],"15":[0,0],"16":[0,0],"17":[0,0],"18":[0,0],"19":[0,0],"20":[0,0],"21":[0,0],"22":[0],"23":[0],"24":[0],"25":[0,0],"26":[0],"27":[0,0],"28":[0,0],"29":[0,0]}}
,"C:\\tekup2\\webService\\service-web\\services\\vehicles\\jest.config.js": {"path":"C:\\tekup2\\webService\\service-web\\services\\vehicles\\jest.config.js","statementMap":{"0":{"start":{"line":1,"column":0},"end":{"line":20,"column":2}}},"fnMap":{},"branchMap":{},"s":{"0":0},"f":{},"b":{}}
,"C:\\tekup2\\webService\\service-web\\services\\vehicles\\__tests__\\setup.js": {"path":"C:\\tekup2\\webService\\service-web\\services\\vehicles\\__tests__\\setup.js","statementMap":{"0":{"start":{"line":2,"column":0},"end":{"line":8,"column":3}},"1":{"start":{"line":3,"column":2},"end":{"line":3,"column":41}},"2":{"start":{"line":4,"column":2},"end":{"line":4,"column":36}},"3":{"start":{"line":5,"column":2},"end":{"line":5,"column":31}},"4":{"start":{"line":6,"column":2},"end":{"line":6,"column":31}},"5":{"start":{"line":7,"column":2},"end":{"line":7,"column":45}},"6":{"start":{"line":10,"column":0},"end":{"line":12,"column":3}},"7":{"start":{"line":11,"column":2},"end":{"line":11,"column":23}}},"fnMap":{"0":{"name":"(anonymous_0)","decl":{"start":{"line":2,"column":10},"end":{"line":2,"column":11}},"loc":{"start":{"line":2,"column":16},"end":{"line":8,"column":1}},"line":2},"1":{"name":"(anonymous_1)","decl":{"start":{"line":10,"column":9},"end":{"line":10,"column":10}},"loc":{"start":{"line":10,"column":15},"end":{"line":12,"column":1}},"line":10}},"branchMap":{},"s":{"0":0,"1":0,"2":0,"3":0,"4":0,"5":0,"6":0,"7":0},"f":{"0":0,"1":0},"b":{}}
}
